[ 50%] [32mBuilding CXX object CMakeFiles/objective_track.dir/src/main.cpp.o[0m
[01m[K/home/cjj/Desktop/RM_work/ROS2_learning/rviz2_tasks/src/image_detector/src/main.cpp:[m[K In function â€˜[01m[Kint main(int, char**)[m[Kâ€™:
[01m[K/home/cjj/Desktop/RM_work/ROS2_learning/rviz2_tasks/src/image_detector/src/main.cpp:4:14:[m[K [01;35m[Kwarning: [m[Kunused parameter â€˜[01m[Kargc[m[Kâ€™ [[01;35m[K]8;;https://gcc.gnu.org/onlinedocs/gcc/Warning-Options.html#index-Wunused-parameter-Wunused-parameter]8;;[m[K]
    4 | int main([01;35m[Kint argc[m[K,char** argv)
      |          [01;35m[K~~~~^~~~[m[K
[01m[K/home/cjj/Desktop/RM_work/ROS2_learning/rviz2_tasks/src/image_detector/src/main.cpp:4:26:[m[K [01;35m[Kwarning: [m[Kunused parameter â€˜[01m[Kargv[m[Kâ€™ [[01;35m[K]8;;https://gcc.gnu.org/onlinedocs/gcc/Warning-Options.html#index-Wunused-parameter-Wunused-parameter]8;;[m[K]
    4 | int main(int argc,[01;35m[Kchar** argv[m[K)
      |                   [01;35m[K~~~~~~~^~~~[m[K
[100%] [32m[1mLinking CXX executable objective_track[0m
/usr/bin/ld: CMakeFiles/objective_track.dir/src/main.cpp.o: in function `main':
main.cpp:(.text+0x14): undefined reference to `objective_track_test()'
collect2: error: ld returned 1 exit status
gmake[2]: *** [CMakeFiles/objective_track.dir/build.make:151ï¼šobjective_track] é”™è¯¯ 1
gmake[1]: *** [CMakeFiles/Makefile2:137ï¼šCMakeFiles/objective_track.dir/all] é”™è¯¯ 2
gmake: *** [Makefile:146ï¼šall] é”™è¯¯ 2
