[0.008s] Invoking command in '/home/cjj/Desktop/RM_work/ROS2_learning/rviz2_tasks/build/show_points': CMAKE_PREFIX_PATH=${CMAKE_PREFIX_PATH}:/opt/ros/humble /usr/bin/cmake --build /home/cjj/Desktop/RM_work/ROS2_learning/rviz2_tasks/build/show_points -- -j20 -l20
[0.044s] [35m[1mConsolidate compiler generated dependencies of target show_points[0m
[0.059s] [ 50%] [32mBuilding CXX object CMakeFiles/show_points.dir/src/show_points_node.cpp.o[0m
[1.539s] [01m[K/home/cjj/Desktop/RM_work/ROS2_learning/rviz2_tasks/src/show_points/src/show_points_node.cpp:[m[K In member function ‚Äò[01m[Kvoid ShowPoints::update_position()[m[K‚Äô:
[1.539s] [01m[K/home/cjj/Desktop/RM_work/ROS2_learning/rviz2_tasks/src/show_points/src/show_points_node.cpp:34:18:[m[K [01;31m[Kerror: [m[K‚Äò[01m[Kusing Marker = struct visualization_msgs::msg::Marker_<std::allocator<void> >[m[K‚Äô {aka ‚Äò[01m[Kstruct visualization_msgs::msg::Marker_<std::allocator<void> >[m[K‚Äô} has no member named ‚Äò[01m[Khead[m[K‚Äô; did you mean ‚Äò[01m[Kheader[m[K‚Äô?
[1.539s]    34 |             temp.[01;31m[Khead[m[K.stamp = rclcpp::Time::now();
[1.539s]       |                  [01;31m[K^~~~[m[K
[1.539s]       |                  [32m[Kheader[m[K
[1.539s] [01m[K/home/cjj/Desktop/RM_work/ROS2_learning/rviz2_tasks/src/show_points/src/show_points_node.cpp:34:45:[m[K [01;31m[Kerror: [m[K‚Äò[01m[Know[m[K‚Äô is not a member of ‚Äò[01m[Krclcpp::Time[m[K‚Äô
[1.539s]    34 |             temp.head.stamp = rclcpp::Time::[01;31m[Know[m[K();
[1.539s]       |                                             [01;31m[K^~~[m[K
[1.539s] [01m[K/home/cjj/Desktop/RM_work/ROS2_learning/rviz2_tasks/src/show_points/src/show_points_node.cpp:41:45:[m[K [01;31m[Kerror: [m[K‚Äò[01m[Kvisualization_msgs::Marker[m[K‚Äô has not been declared
[1.539s]    41 |             temp.type = visualization_msgs::[01;31m[KMarker[m[K::POINTS;
[1.539s]       |                                             [01;31m[K^~~~~~[m[K
[1.539s] [01m[K/home/cjj/Desktop/RM_work/ROS2_learning/rviz2_tasks/src/show_points/src/show_points_node.cpp:66:46:[m[K [01;31m[Kerror: [m[K‚Äò[01m[Krclcpp::Duration::Duration()[m[K‚Äô is private within this context
[1.539s]    66 |             temp.lifetime = rclcpp::Duration([01;31m[K)[m[K; // ‰∏çÂä†ÂèÇÊï∞‰∏∫ÈªòËÆ§Êó†Èôê
[1.539s]       |                                              [01;31m[K^[m[K
[1.539s] In file included from [01m[K/opt/ros/humble/include/rclcpp/rclcpp/qos.hpp:20[m[K,
[1.539s]                  from [01m[K/opt/ros/humble/include/rclcpp/rclcpp/node_interfaces/node_graph_interface.hpp:32[m[K,
[1.539s]                  from [01m[K/opt/ros/humble/include/rclcpp/rclcpp/client.hpp:42[m[K,
[1.539s]                  from [01m[K/opt/ros/humble/include/rclcpp/rclcpp/callback_group.hpp:24[m[K,
[1.539s]                  from [01m[K/opt/ros/humble/include/rclcpp/rclcpp/any_executable.hpp:20[m[K,
[1.539s]                  from [01m[K/opt/ros/humble/include/rclcpp/rclcpp/memory_strategy.hpp:25[m[K,
[1.540s]                  from [01m[K/opt/ros/humble/include/rclcpp/rclcpp/memory_strategies.hpp:18[m[K,
[1.540s]                  from [01m[K/opt/ros/humble/include/rclcpp/rclcpp/executor_options.hpp:20[m[K,
[1.540s]                  from [01m[K/opt/ros/humble/include/rclcpp/rclcpp/executor.hpp:37[m[K,
[1.540s]                  from [01m[K/opt/ros/humble/include/rclcpp/rclcpp/executors/multi_threaded_executor.hpp:25[m[K,
[1.540s]                  from [01m[K/opt/ros/humble/include/rclcpp/rclcpp/executors.hpp:21[m[K,
[1.540s]                  from [01m[K/opt/ros/humble/include/rclcpp/rclcpp/rclcpp.hpp:155[m[K,
[1.540s]                  from [01m[K/home/cjj/Desktop/RM_work/ROS2_learning/rviz2_tasks/src/show_points/src/show_points_node.cpp:1[m[K:
[1.540s] [01m[K/opt/ros/humble/include/rclcpp/rclcpp/duration.hpp:151:3:[m[K [01;36m[Knote: [m[Kdeclared private here
[1.540s]   151 |   [01;36m[KDuration[m[K() = default;
[1.540s]       |   [01;36m[K^~~~~~~~[m[K
[2.007s] gmake[2]: *** [CMakeFiles/show_points.dir/build.make:76ÔºöCMakeFiles/show_points.dir/src/show_points_node.cpp.o] ÈîôËØØ 1
[2.008s] gmake[1]: *** [CMakeFiles/Makefile2:137ÔºöCMakeFiles/show_points.dir/all] ÈîôËØØ 2
[2.008s] gmake: *** [Makefile:146Ôºöall] ÈîôËØØ 2
[2.010s] Invoked command in '/home/cjj/Desktop/RM_work/ROS2_learning/rviz2_tasks/build/show_points' returned '2': CMAKE_PREFIX_PATH=${CMAKE_PREFIX_PATH}:/opt/ros/humble /usr/bin/cmake --build /home/cjj/Desktop/RM_work/ROS2_learning/rviz2_tasks/build/show_points -- -j20 -l20
