-- Found ament_cmake: 1.3.10 (/opt/ros/humble/share/ament_cmake/cmake)
-- Found rclcpp: 16.0.10 (/opt/ros/humble/share/rclcpp/cmake)
-- Found rosidl_generator_c: 3.1.5 (/opt/ros/humble/share/rosidl_generator_c/cmake)
-- Found rosidl_adapter: 3.1.5 (/opt/ros/humble/share/rosidl_adapter/cmake)
-- Found rosidl_generator_cpp: 3.1.5 (/opt/ros/humble/share/rosidl_generator_cpp/cmake)
-- Using all available rosidl_typesupport_c: rosidl_typesupport_fastrtps_c;rosidl_typesupport_introspection_c
-- Using all available rosidl_typesupport_cpp: rosidl_typesupport_fastrtps_cpp;rosidl_typesupport_introspection_cpp
-- Found rmw_implementation_cmake: 6.1.2 (/opt/ros/humble/share/rmw_implementation_cmake/cmake)
-- Found rmw_fastrtps_cpp: 6.2.7 (/opt/ros/humble/share/rmw_fastrtps_cpp/cmake)
-- Using RMW implementation 'rmw_fastrtps_cpp' as default
-- Found ament_lint_auto: 0.12.11 (/opt/ros/humble/share/ament_lint_auto/cmake)
-- Added test 'cppcheck' to perform static code analysis on C / C++ code
-- Configured cppcheck include dirs: 
-- Configured cppcheck exclude dirs and/or files: 
-- Added test 'lint_cmake' to check CMake code style
-- Added test 'uncrustify' to check C / C++ code style
-- Configured uncrustify additional arguments: 
-- Added test 'xmllint' to check XML markup files
-- Configuring done
-- Generating done
-- Build files have been written to: /home/cjj/Desktop/RM_work/ROS2_learning/chapter_5/chapt5_ws/build/test_for_launch
[35m[1mConsolidate compiler generated dependencies of target node_01[0m
[ 25%] [32mBuilding CXX object CMakeFiles/node_02.dir/src/node_02.cpp.o[0m
[ 50%] [32mBuilding CXX object CMakeFiles/node_01.dir/src/node_01.cpp.o[0m
[01m[K/home/cjj/Desktop/RM_work/ROS2_learning/chapter_5/chapt5_ws/src/test_for_launch/src/node_02.cpp:[m[K In function ‚Äò[01m[Kint main(int, char**)[m[K‚Äô:
[01m[K/home/cjj/Desktop/RM_work/ROS2_learning/chapter_5/chapt5_ws/src/test_for_launch/src/node_02.cpp:17:18:[m[K [01;31m[Kerror: [m[K‚Äò[01m[Kargc[m[K‚Äô was not declared in this scope; did you mean ‚Äò[01m[Kagrc[m[K‚Äô?
   17 |     rclcpp::init([01;31m[Kargc[m[K,argv);
      |                  [01;31m[K^~~~[m[K
      |                  [32m[Kagrc[m[K
[01m[K/home/cjj/Desktop/RM_work/ROS2_learning/chapter_5/chapt5_ws/src/test_for_launch/src/node_02.cpp:17:23:[m[K [01;31m[Kerror: [m[K‚Äò[01m[Kargv[m[K‚Äô was not declared in this scope; did you mean ‚Äò[01m[Kagrv[m[K‚Äô?
   17 |     rclcpp::init(argc,[01;31m[Kargv[m[K);
      |                       [01;31m[K^~~~[m[K
      |                       [32m[Kagrv[m[K
[01m[K/home/cjj/Desktop/RM_work/ROS2_learning/chapter_5/chapt5_ws/src/test_for_launch/src/node_02.cpp:20:12:[m[K [01;31m[Kerror: [m[K‚Äò[01m[Kshutdown[m[K‚Äô was not declared in this scope; did you mean ‚Äò[01m[Krclcpp::shutdown[m[K‚Äô?
   20 |     rclcpp:[01;31m[Kshutdown[m[K();
      |            [01;31m[K^~~~~~~~[m[K
      |            [32m[Krclcpp::shutdown[m[K
In file included from [01m[K/opt/ros/humble/include/rclcpp/rclcpp/logging.hpp:25[m[K,
                 from [01m[K/opt/ros/humble/include/rclcpp/rclcpp/client.hpp:40[m[K,
                 from [01m[K/opt/ros/humble/include/rclcpp/rclcpp/callback_group.hpp:24[m[K,
                 from [01m[K/opt/ros/humble/include/rclcpp/rclcpp/any_executable.hpp:20[m[K,
                 from [01m[K/opt/ros/humble/include/rclcpp/rclcpp/memory_strategy.hpp:25[m[K,
                 from [01m[K/opt/ros/humble/include/rclcpp/rclcpp/memory_strategies.hpp:18[m[K,
                 from [01m[K/opt/ros/humble/include/rclcpp/rclcpp/executor_options.hpp:20[m[K,
                 from [01m[K/opt/ros/humble/include/rclcpp/rclcpp/executor.hpp:37[m[K,
                 from [01m[K/opt/ros/humble/include/rclcpp/rclcpp/executors/multi_threaded_executor.hpp:25[m[K,
                 from [01m[K/opt/ros/humble/include/rclcpp/rclcpp/executors.hpp:21[m[K,
                 from [01m[K/opt/ros/humble/include/rclcpp/rclcpp/rclcpp.hpp:155[m[K,
                 from [01m[K/home/cjj/Desktop/RM_work/ROS2_learning/chapter_5/chapt5_ws/src/test_for_launch/src/node_02.cpp:1[m[K:
[01m[K/opt/ros/humble/include/rclcpp/rclcpp/utilities.hpp:194:1:[m[K [01;36m[Knote: [m[K‚Äò[01m[Krclcpp::shutdown[m[K‚Äô declared here
  194 | [01;36m[Kshutdown[m[K(
      | [01;36m[K^~~~~~~~[m[K
[01m[K/home/cjj/Desktop/RM_work/ROS2_learning/chapter_5/chapt5_ws/src/test_for_launch/src/node_02.cpp:20:5:[m[K [01;35m[Kwarning: [m[Klabel ‚Äò[01m[Krclcpp[m[K‚Äô defined but not used [[01;35m[K]8;;https://gcc.gnu.org/onlinedocs/gcc/Warning-Options.html#index-Wunused-label-Wunused-label]8;;[m[K]
   20 |     [01;35m[Krclcpp[m[K:shutdown();
      |     [01;35m[K^~~~~~[m[K
[01m[K/home/cjj/Desktop/RM_work/ROS2_learning/chapter_5/chapt5_ws/src/test_for_launch/src/node_02.cpp:15:14:[m[K [01;35m[Kwarning: [m[Kunused parameter ‚Äò[01m[Kagrc[m[K‚Äô [[01;35m[K]8;;https://gcc.gnu.org/onlinedocs/gcc/Warning-Options.html#index-Wunused-parameter-Wunused-parameter]8;;[m[K]
   15 | int main([01;35m[Kint agrc[m[K,char** agrv)
      |          [01;35m[K~~~~^~~~[m[K
[01m[K/home/cjj/Desktop/RM_work/ROS2_learning/chapter_5/chapt5_ws/src/test_for_launch/src/node_02.cpp:15:26:[m[K [01;35m[Kwarning: [m[Kunused parameter ‚Äò[01m[Kagrv[m[K‚Äô [[01;35m[K]8;;https://gcc.gnu.org/onlinedocs/gcc/Warning-Options.html#index-Wunused-parameter-Wunused-parameter]8;;[m[K]
   15 | int main(int agrc,[01;35m[Kchar** agrv[m[K)
      |                   [01;35m[K~~~~~~~^~~~[m[K
gmake[2]: *** [CMakeFiles/node_02.dir/build.make:76ÔºöCMakeFiles/node_02.dir/src/node_02.cpp.o] ÈîôËØØ 1
gmake[1]: *** [CMakeFiles/Makefile2:165ÔºöCMakeFiles/node_02.dir/all] ÈîôËØØ 2
gmake[1]: *** Ê≠£Âú®Á≠âÂæÖÊú™ÂÆåÊàêÁöÑ‰ªªÂä°....
[ 75%] [32m[1mLinking CXX executable node_01[0m
[ 75%] Built target node_01
gmake: *** [Makefile:146Ôºöall] ÈîôËØØ 2
