[0.007s] Invoking command in '/home/cjj/Desktop/RM_work/ROS2_learning/chapter_5/chapt5_ws/build/test_for_launch': CMAKE_PREFIX_PATH=${CMAKE_PREFIX_PATH}:/opt/ros/humble /usr/bin/cmake --build /home/cjj/Desktop/RM_work/ROS2_learning/chapter_5/chapt5_ws/build/test_for_launch -- -j20 -l20
[0.027s] -- Found ament_cmake: 1.3.10 (/opt/ros/humble/share/ament_cmake/cmake)
[0.112s] -- Found rclcpp: 16.0.10 (/opt/ros/humble/share/rclcpp/cmake)
[0.133s] -- Found rosidl_generator_c: 3.1.5 (/opt/ros/humble/share/rosidl_generator_c/cmake)
[0.134s] -- Found rosidl_adapter: 3.1.5 (/opt/ros/humble/share/rosidl_adapter/cmake)
[0.138s] -- Found rosidl_generator_cpp: 3.1.5 (/opt/ros/humble/share/rosidl_generator_cpp/cmake)
[0.143s] -- Using all available rosidl_typesupport_c: rosidl_typesupport_fastrtps_c;rosidl_typesupport_introspection_c
[0.150s] -- Using all available rosidl_typesupport_cpp: rosidl_typesupport_fastrtps_cpp;rosidl_typesupport_introspection_cpp
[0.167s] -- Found rmw_implementation_cmake: 6.1.2 (/opt/ros/humble/share/rmw_implementation_cmake/cmake)
[0.168s] -- Found rmw_fastrtps_cpp: 6.2.7 (/opt/ros/humble/share/rmw_fastrtps_cpp/cmake)
[0.209s] -- Using RMW implementation 'rmw_fastrtps_cpp' as default
[0.239s] -- Found ament_lint_auto: 0.12.11 (/opt/ros/humble/share/ament_lint_auto/cmake)
[0.282s] -- Added test 'cppcheck' to perform static code analysis on C / C++ code
[0.283s] -- Configured cppcheck include dirs: 
[0.283s] -- Configured cppcheck exclude dirs and/or files: 
[0.283s] -- Added test 'lint_cmake' to check CMake code style
[0.283s] -- Added test 'uncrustify' to check C / C++ code style
[0.283s] -- Configured uncrustify additional arguments: 
[0.283s] -- Added test 'xmllint' to check XML markup files
[0.284s] -- Configuring done
[0.290s] -- Generating done
[0.291s] -- Build files have been written to: /home/cjj/Desktop/RM_work/ROS2_learning/chapter_5/chapt5_ws/build/test_for_launch
[0.311s] [35m[1mConsolidate compiler generated dependencies of target node_01[0m
[0.318s] [ 25%] [32mBuilding CXX object CMakeFiles/node_02.dir/src/node_02.cpp.o[0m
[0.324s] [ 50%] [32mBuilding CXX object CMakeFiles/node_01.dir/src/node_01.cpp.o[0m
[1.786s] [01m[K/home/cjj/Desktop/RM_work/ROS2_learning/chapter_5/chapt5_ws/src/test_for_launch/src/node_02.cpp:[m[K In function ‚Äò[01m[Kint main(int, char**)[m[K‚Äô:
[1.786s] [01m[K/home/cjj/Desktop/RM_work/ROS2_learning/chapter_5/chapt5_ws/src/test_for_launch/src/node_02.cpp:17:18:[m[K [01;31m[Kerror: [m[K‚Äò[01m[Kargc[m[K‚Äô was not declared in this scope; did you mean ‚Äò[01m[Kagrc[m[K‚Äô?
[1.786s]    17 |     rclcpp::init([01;31m[Kargc[m[K,argv);
[1.786s]       |                  [01;31m[K^~~~[m[K
[1.787s]       |                  [32m[Kagrc[m[K
[1.788s] [01m[K/home/cjj/Desktop/RM_work/ROS2_learning/chapter_5/chapt5_ws/src/test_for_launch/src/node_02.cpp:17:23:[m[K [01;31m[Kerror: [m[K‚Äò[01m[Kargv[m[K‚Äô was not declared in this scope; did you mean ‚Äò[01m[Kagrv[m[K‚Äô?
[1.788s]    17 |     rclcpp::init(argc,[01;31m[Kargv[m[K);
[1.788s]       |                       [01;31m[K^~~~[m[K
[1.788s]       |                       [32m[Kagrv[m[K
[1.791s] [01m[K/home/cjj/Desktop/RM_work/ROS2_learning/chapter_5/chapt5_ws/src/test_for_launch/src/node_02.cpp:20:12:[m[K [01;31m[Kerror: [m[K‚Äò[01m[Kshutdown[m[K‚Äô was not declared in this scope; did you mean ‚Äò[01m[Krclcpp::shutdown[m[K‚Äô?
[1.791s]    20 |     rclcpp:[01;31m[Kshutdown[m[K();
[1.791s]       |            [01;31m[K^~~~~~~~[m[K
[1.791s]       |            [32m[Krclcpp::shutdown[m[K
[1.792s] In file included from [01m[K/opt/ros/humble/include/rclcpp/rclcpp/logging.hpp:25[m[K,
[1.792s]                  from [01m[K/opt/ros/humble/include/rclcpp/rclcpp/client.hpp:40[m[K,
[1.792s]                  from [01m[K/opt/ros/humble/include/rclcpp/rclcpp/callback_group.hpp:24[m[K,
[1.792s]                  from [01m[K/opt/ros/humble/include/rclcpp/rclcpp/any_executable.hpp:20[m[K,
[1.792s]                  from [01m[K/opt/ros/humble/include/rclcpp/rclcpp/memory_strategy.hpp:25[m[K,
[1.792s]                  from [01m[K/opt/ros/humble/include/rclcpp/rclcpp/memory_strategies.hpp:18[m[K,
[1.792s]                  from [01m[K/opt/ros/humble/include/rclcpp/rclcpp/executor_options.hpp:20[m[K,
[1.792s]                  from [01m[K/opt/ros/humble/include/rclcpp/rclcpp/executor.hpp:37[m[K,
[1.792s]                  from [01m[K/opt/ros/humble/include/rclcpp/rclcpp/executors/multi_threaded_executor.hpp:25[m[K,
[1.792s]                  from [01m[K/opt/ros/humble/include/rclcpp/rclcpp/executors.hpp:21[m[K,
[1.792s]                  from [01m[K/opt/ros/humble/include/rclcpp/rclcpp/rclcpp.hpp:155[m[K,
[1.792s]                  from [01m[K/home/cjj/Desktop/RM_work/ROS2_learning/chapter_5/chapt5_ws/src/test_for_launch/src/node_02.cpp:1[m[K:
[1.792s] [01m[K/opt/ros/humble/include/rclcpp/rclcpp/utilities.hpp:194:1:[m[K [01;36m[Knote: [m[K‚Äò[01m[Krclcpp::shutdown[m[K‚Äô declared here
[1.792s]   194 | [01;36m[Kshutdown[m[K(
[1.792s]       | [01;36m[K^~~~~~~~[m[K
[1.793s] [01m[K/home/cjj/Desktop/RM_work/ROS2_learning/chapter_5/chapt5_ws/src/test_for_launch/src/node_02.cpp:20:5:[m[K [01;35m[Kwarning: [m[Klabel ‚Äò[01m[Krclcpp[m[K‚Äô defined but not used [[01;35m[K]8;;https://gcc.gnu.org/onlinedocs/gcc/Warning-Options.html#index-Wunused-label-Wunused-label]8;;[m[K]
[1.793s]    20 |     [01;35m[Krclcpp[m[K:shutdown();
[1.794s]       |     [01;35m[K^~~~~~[m[K
[1.794s] [01m[K/home/cjj/Desktop/RM_work/ROS2_learning/chapter_5/chapt5_ws/src/test_for_launch/src/node_02.cpp:15:14:[m[K [01;35m[Kwarning: [m[Kunused parameter ‚Äò[01m[Kagrc[m[K‚Äô [[01;35m[K]8;;https://gcc.gnu.org/onlinedocs/gcc/Warning-Options.html#index-Wunused-parameter-Wunused-parameter]8;;[m[K]
[1.794s]    15 | int main([01;35m[Kint agrc[m[K,char** agrv)
[1.794s]       |          [01;35m[K~~~~^~~~[m[K
[1.794s] [01m[K/home/cjj/Desktop/RM_work/ROS2_learning/chapter_5/chapt5_ws/src/test_for_launch/src/node_02.cpp:15:26:[m[K [01;35m[Kwarning: [m[Kunused parameter ‚Äò[01m[Kagrv[m[K‚Äô [[01;35m[K]8;;https://gcc.gnu.org/onlinedocs/gcc/Warning-Options.html#index-Wunused-parameter-Wunused-parameter]8;;[m[K]
[1.794s]    15 | int main(int agrc,[01;35m[Kchar** agrv[m[K)
[1.794s]       |                   [01;35m[K~~~~~~~^~~~[m[K
[2.071s] gmake[2]: *** [CMakeFiles/node_02.dir/build.make:76ÔºöCMakeFiles/node_02.dir/src/node_02.cpp.o] ÈîôËØØ 1
[2.071s] gmake[1]: *** [CMakeFiles/Makefile2:165ÔºöCMakeFiles/node_02.dir/all] ÈîôËØØ 2
[2.072s] gmake[1]: *** Ê≠£Âú®Á≠âÂæÖÊú™ÂÆåÊàêÁöÑ‰ªªÂä°....
[2.142s] [ 75%] [32m[1mLinking CXX executable node_01[0m
[2.205s] [ 75%] Built target node_01
[2.206s] gmake: *** [Makefile:146Ôºöall] ÈîôËØØ 2
[2.209s] Invoked command in '/home/cjj/Desktop/RM_work/ROS2_learning/chapter_5/chapt5_ws/build/test_for_launch' returned '2': CMAKE_PREFIX_PATH=${CMAKE_PREFIX_PATH}:/opt/ros/humble /usr/bin/cmake --build /home/cjj/Desktop/RM_work/ROS2_learning/chapter_5/chapt5_ws/build/test_for_launch -- -j20 -l20
