[35m[1mConsolidate compiler generated dependencies of target show_points[0m
[ 50%] [32mBuilding CXX object CMakeFiles/show_points.dir/src/show_points_node.cpp.o[0m
[01m[K/home/cjj/Desktop/RM_work/ROS2_learning/rviz2_tasks/src/show_points/src/show_points_node.cpp:[m[K In member function â€˜[01m[Kvoid ShowPoints::timer_callback()[m[Kâ€™:
[01m[K/home/cjj/Desktop/RM_work/ROS2_learning/rviz2_tasks/src/show_points/src/show_points_node.cpp:78:15:[m[K [01;31m[Kerror: [m[Kinvalid operands of types â€˜[01m[Kdouble[m[Kâ€™ and â€˜[01m[Kint[m[Kâ€™ to binary â€˜[01m[Koperator%[m[Kâ€™
   78 |             [01;31m[Kz %= 100[m[K;
      |             [01;31m[K~~^~~~~~[m[K
[01m[K/home/cjj/Desktop/RM_work/ROS2_learning/rviz2_tasks/src/show_points/src/show_points_node.cpp:78:15:[m[K [01;36m[Knote: [m[K  in evaluation of â€˜[01m[Koperator%=(double, int)[m[Kâ€™
gmake[2]: *** [CMakeFiles/show_points.dir/build.make:76ï¼šCMakeFiles/show_points.dir/src/show_points_node.cpp.o] é”™è¯¯ 1
gmake[1]: *** [CMakeFiles/Makefile2:137ï¼šCMakeFiles/show_points.dir/all] é”™è¯¯ 2
gmake: *** [Makefile:146ï¼šall] é”™è¯¯ 2
