[0.006s] Invoking command in '/home/cjj/Desktop/RM_work/ROS2_learning/rviz2_tasks/build/rm_interfaces': CMAKE_PREFIX_PATH=/opt/ros/humble /usr/bin/cmake /home/cjj/Desktop/RM_work/ROS2_learning/rviz2_tasks/src/rm_interfaces -DAMENT_CMAKE_SYMLINK_INSTALL=1 -DCMAKE_INSTALL_PREFIX=/home/cjj/Desktop/RM_work/ROS2_learning/rviz2_tasks/install/rm_interfaces
[0.013s] -- Found ament_cmake: 1.3.10 (/opt/ros/humble/share/ament_cmake/cmake)
[0.089s] -- Override CMake install command with custom implementation using symlinks instead of copying resources
[0.093s] -- Found rosidl_default_generators: 1.2.0 (/opt/ros/humble/share/rosidl_default_generators/cmake)
[0.093s] -- Using all available rosidl_typesupport_c: rosidl_typesupport_fastrtps_c;rosidl_typesupport_introspection_c
[0.095s] -- Found rosidl_adapter: 3.1.5 (/opt/ros/humble/share/rosidl_adapter/cmake)
[0.112s] -- Using all available rosidl_typesupport_cpp: rosidl_typesupport_fastrtps_cpp;rosidl_typesupport_introspection_cpp
[0.127s] -- Found geometry_msgs: 4.2.4 (/opt/ros/humble/share/geometry_msgs/cmake)
[0.322s] -- Found ament_cmake_ros: 0.10.0 (/opt/ros/humble/share/ament_cmake_ros/cmake)
[0.492s] -- Using all available rosidl_typesupport_c: rosidl_typesupport_fastrtps_c;rosidl_typesupport_introspection_c
[0.702s] -- Using all available rosidl_typesupport_cpp: rosidl_typesupport_fastrtps_cpp;rosidl_typesupport_introspection_cpp
[0.717s] -- Found PythonInterp: /usr/bin/python3 (found suitable version "3.10.12", minimum required is "3.6") 
[0.718s] -- Found python_cmake_module: 0.10.0 (/opt/ros/humble/share/python_cmake_module/cmake)
[0.738s] -- Found PythonLibs: /usr/lib/x86_64-linux-gnu/libpython3.10.so (found suitable version "3.10.12", minimum required is "3.5") 
[0.738s] -- Using PYTHON_EXECUTABLE: /usr/bin/python3
[0.738s] -- Using PYTHON_INCLUDE_DIRS: /usr/include/python3.10
[0.738s] -- Using PYTHON_LIBRARIES: /usr/lib/x86_64-linux-gnu/libpython3.10.so
[0.751s] -- Found PythonExtra: .so  
[0.785s] -- Found ament_lint_auto: 0.12.11 (/opt/ros/humble/share/ament_lint_auto/cmake)
[0.798s] -- Added test 'lint_cmake' to check CMake code style
[0.799s] -- Added test 'xmllint' to check XML markup files
[0.800s] -- Configuring done
[0.820s] -- Generating done
[0.822s] -- Build files have been written to: /home/cjj/Desktop/RM_work/ROS2_learning/rviz2_tasks/build/rm_interfaces
[0.827s] Invoked command in '/home/cjj/Desktop/RM_work/ROS2_learning/rviz2_tasks/build/rm_interfaces' returned '0': CMAKE_PREFIX_PATH=/opt/ros/humble /usr/bin/cmake /home/cjj/Desktop/RM_work/ROS2_learning/rviz2_tasks/src/rm_interfaces -DAMENT_CMAKE_SYMLINK_INSTALL=1 -DCMAKE_INSTALL_PREFIX=/home/cjj/Desktop/RM_work/ROS2_learning/rviz2_tasks/install/rm_interfaces
[0.829s] Invoking command in '/home/cjj/Desktop/RM_work/ROS2_learning/rviz2_tasks/build/rm_interfaces': CMAKE_PREFIX_PATH=/opt/ros/humble /usr/bin/cmake --build /home/cjj/Desktop/RM_work/ROS2_learning/rviz2_tasks/build/rm_interfaces -- -j20 -l20
[0.861s] [  2%] [34m[1mGenerating C code for ROS interfaces[0m
[0.867s] [  5%] [34m[1mGenerating C++ code for ROS interfaces[0m
[0.872s] [  5%] Built target ament_cmake_python_symlink_rm_interfaces
[1.014s] running egg_info
[1.014s] creating rm_interfaces.egg-info
[1.014s] writing rm_interfaces.egg-info/PKG-INFO
[1.014s] writing dependency_links to rm_interfaces.egg-info/dependency_links.txt
[1.014s] writing top-level names to rm_interfaces.egg-info/top_level.txt
[1.014s] writing manifest file 'rm_interfaces.egg-info/SOURCES.txt'
[1.016s] reading manifest file 'rm_interfaces.egg-info/SOURCES.txt'
[1.016s] writing manifest file 'rm_interfaces.egg-info/SOURCES.txt'
[1.036s] [  5%] Built target ament_cmake_python_build_rm_interfaces_egg
[1.059s] [  5%] Built target rm_interfaces__cpp
[1.065s] [  7%] [34m[1mGenerating C++ type support dispatch for ROS interfaces[0m
[1.067s] [ 10%] [34m[1mGenerating C++ introspection for ROS interfaces[0m
[1.069s] [ 12%] [34m[1mGenerating C++ type support for eProsima Fast-RTPS[0m
[1.072s] [ 17%] [32mBuilding C object CMakeFiles/rm_interfaces__rosidl_generator_c.dir/rosidl_generator_c/rm_interfaces/msg/detail/image_info__functions.c.o[0m
[1.072s] [ 17%] [32mBuilding C object CMakeFiles/rm_interfaces__rosidl_generator_c.dir/rosidl_generator_c/rm_interfaces/msg/detail/objective__functions.c.o[0m
[1.081s] In file included from [01m[K/home/cjj/Desktop/RM_work/ROS2_learning/rviz2_tasks/build/rm_interfaces/rosidl_generator_c/rm_interfaces/msg/detail/image_info__functions.h:19[m[K,
[1.081s]                  from [01m[K/home/cjj/Desktop/RM_work/ROS2_learning/rviz2_tasks/build/rm_interfaces/rosidl_generator_c/rm_interfaces/msg/detail/image_info__functions.c:4[m[K:
[1.081s] [01m[K/home/cjj/Desktop/RM_work/ROS2_learning/rviz2_tasks/build/rm_interfaces/rosidl_generator_c/rm_interfaces/msg/detail/image_info__struct.h:24:10:[m[K [01;31m[Kfatal error: [m[Ksensor_msgs/msg/detail/image__struct.h: æ²¡æœ‰é‚£ä¸ªæ–‡ä»¶æˆ–ç›®å½•
[1.081s]    24 | #include [01;31m[K"sensor_msgs/msg/detail/image__struct.h"[m[K
[1.081s]       |          [01;31m[K^~~~~~~~~~~~~~~~~~~~~~~~~~~~~~~~~~~~~~~~[m[K
[1.081s] compilation terminated.
[1.082s] gmake[2]: *** [CMakeFiles/rm_interfaces__rosidl_generator_c.dir/build.make:183ï¼šCMakeFiles/rm_interfaces__rosidl_generator_c.dir/rosidl_generator_c/rm_interfaces/msg/detail/image_info__functions.c.o] é”™è¯¯ 1
[1.082s] gmake[2]: *** æ­£åœ¨ç­‰å¾…æœªå®Œæˆçš„ä»»åŠ¡....
[1.099s] gmake[1]: *** [CMakeFiles/Makefile2:213ï¼šCMakeFiles/rm_interfaces__rosidl_generator_c.dir/all] é”™è¯¯ 2
[1.099s] gmake[1]: *** æ­£åœ¨ç­‰å¾…æœªå®Œæˆçš„ä»»åŠ¡....
[1.237s] [ 20%] [32mBuilding CXX object CMakeFiles/rm_interfaces__rosidl_typesupport_cpp.dir/rosidl_typesupport_cpp/rm_interfaces/msg/objective__type_support.cpp.o[0m
[1.238s] [ 23%] [32mBuilding CXX object CMakeFiles/rm_interfaces__rosidl_typesupport_cpp.dir/rosidl_typesupport_cpp/rm_interfaces/msg/image_info__type_support.cpp.o[0m
[1.245s] [ 25%] [32mBuilding CXX object CMakeFiles/rm_interfaces__rosidl_typesupport_introspection_cpp.dir/rosidl_typesupport_introspection_cpp/rm_interfaces/msg/detail/objective__type_support.cpp.o[0m
[1.246s] [ 28%] [32mBuilding CXX object CMakeFiles/rm_interfaces__rosidl_typesupport_introspection_cpp.dir/rosidl_typesupport_introspection_cpp/rm_interfaces/msg/detail/image_info__type_support.cpp.o[0m
[1.253s] [ 30%] [32mBuilding CXX object CMakeFiles/rm_interfaces__rosidl_typesupport_fastrtps_cpp.dir/rosidl_typesupport_fastrtps_cpp/rm_interfaces/msg/detail/dds_fastrtps/image_info__type_support.cpp.o[0m
[1.255s] [ 33%] [32mBuilding CXX object CMakeFiles/rm_interfaces__rosidl_typesupport_fastrtps_cpp.dir/rosidl_typesupport_fastrtps_cpp/rm_interfaces/msg/detail/dds_fastrtps/objective__type_support.cpp.o[0m
[1.277s] In file included from [01m[K/home/cjj/Desktop/RM_work/ROS2_learning/rviz2_tasks/build/rm_interfaces/rosidl_typesupport_cpp/rm_interfaces/msg/image_info__type_support.cpp:7[m[K:
[1.277s] [01m[K/home/cjj/Desktop/RM_work/ROS2_learning/rviz2_tasks/build/rm_interfaces/rosidl_generator_cpp/rm_interfaces/msg/detail/image_info__struct.hpp:22:10:[m[K [01;31m[Kfatal error: [m[Ksensor_msgs/msg/detail/image__struct.hpp: æ²¡æœ‰é‚£ä¸ªæ–‡ä»¶æˆ–ç›®å½•
[1.277s]    22 | #include [01;31m[K"sensor_msgs/msg/detail/image__struct.hpp"[m[K
[1.277s]       |          [01;31m[K^~~~~~~~~~~~~~~~~~~~~~~~~~~~~~~~~~~~~~~~~~[m[K
[1.277s] compilation terminated.
[1.278s] gmake[2]: *** [CMakeFiles/rm_interfaces__rosidl_typesupport_cpp.dir/build.make:152ï¼šCMakeFiles/rm_interfaces__rosidl_typesupport_cpp.dir/rosidl_typesupport_cpp/rm_interfaces/msg/image_info__type_support.cpp.o] é”™è¯¯ 1
[1.278s] gmake[2]: *** æ­£åœ¨ç­‰å¾…æœªå®Œæˆçš„ä»»åŠ¡....
[1.282s] In file included from [01m[K/home/cjj/Desktop/RM_work/ROS2_learning/rviz2_tasks/build/rm_interfaces/rosidl_typesupport_introspection_cpp/rm_interfaces/msg/detail/image_info__type_support.cpp:12[m[K:
[1.282s] [01m[K/home/cjj/Desktop/RM_work/ROS2_learning/rviz2_tasks/build/rm_interfaces/rosidl_generator_cpp/rm_interfaces/msg/detail/image_info__struct.hpp:22:10:[m[K [01;31m[Kfatal error: [m[Ksensor_msgs/msg/detail/image__struct.hpp: æ²¡æœ‰é‚£ä¸ªæ–‡ä»¶æˆ–ç›®å½•
[1.282s]    22 | #include [01;31m[K"sensor_msgs/msg/detail/image__struct.hpp"[m[K
[1.282s]       |          [01;31m[K^~~~~~~~~~~~~~~~~~~~~~~~~~~~~~~~~~~~~~~~~~[m[K
[1.282s] compilation terminated.
[1.283s] gmake[2]: *** [CMakeFiles/rm_interfaces__rosidl_typesupport_introspection_cpp.dir/build.make:160ï¼šCMakeFiles/rm_interfaces__rosidl_typesupport_introspection_cpp.dir/rosidl_typesupport_introspection_cpp/rm_interfaces/msg/detail/image_info__type_support.cpp.o] é”™è¯¯ 1
[1.283s] gmake[2]: *** æ­£åœ¨ç­‰å¾…æœªå®Œæˆçš„ä»»åŠ¡....
[1.284s] In file included from [01m[K/home/cjj/Desktop/RM_work/ROS2_learning/rviz2_tasks/build/rm_interfaces/rosidl_typesupport_fastrtps_cpp/rm_interfaces/msg/detail/image_info__rosidl_typesupport_fastrtps_cpp.hpp:11[m[K,
[1.285s]                  from [01m[K/home/cjj/Desktop/RM_work/ROS2_learning/rviz2_tasks/build/rm_interfaces/rosidl_typesupport_fastrtps_cpp/rm_interfaces/msg/detail/dds_fastrtps/image_info__type_support.cpp:4[m[K:
[1.285s] [01m[K/home/cjj/Desktop/RM_work/ROS2_learning/rviz2_tasks/build/rm_interfaces/rosidl_generator_cpp/rm_interfaces/msg/detail/image_info__struct.hpp:22:10:[m[K [01;31m[Kfatal error: [m[Ksensor_msgs/msg/detail/image__struct.hpp: æ²¡æœ‰é‚£ä¸ªæ–‡ä»¶æˆ–ç›®å½•
[1.285s]    22 | #include [01;31m[K"sensor_msgs/msg/detail/image__struct.hpp"[m[K
[1.285s]       |          [01;31m[K^~~~~~~~~~~~~~~~~~~~~~~~~~~~~~~~~~~~~~~~~~[m[K
[1.285s] compilation terminated.
[1.285s] gmake[2]: *** [CMakeFiles/rm_interfaces__rosidl_typesupport_fastrtps_cpp.dir/build.make:160ï¼šCMakeFiles/rm_interfaces__rosidl_typesupport_fastrtps_cpp.dir/rosidl_typesupport_fastrtps_cpp/rm_interfaces/msg/detail/dds_fastrtps/image_info__type_support.cpp.o] é”™è¯¯ 1
[1.285s] gmake[2]: *** æ­£åœ¨ç­‰å¾…æœªå®Œæˆçš„ä»»åŠ¡....
[1.384s] gmake[1]: *** [CMakeFiles/Makefile2:395ï¼šCMakeFiles/rm_interfaces__rosidl_typesupport_cpp.dir/all] é”™è¯¯ 2
[1.445s] gmake[1]: *** [CMakeFiles/Makefile2:369ï¼šCMakeFiles/rm_interfaces__rosidl_typesupport_introspection_cpp.dir/all] é”™è¯¯ 2
[1.455s] gmake[1]: *** [CMakeFiles/Makefile2:343ï¼šCMakeFiles/rm_interfaces__rosidl_typesupport_fastrtps_cpp.dir/all] é”™è¯¯ 2
[1.455s] gmake: *** [Makefile:146ï¼šall] é”™è¯¯ 2
[1.457s] Invoked command in '/home/cjj/Desktop/RM_work/ROS2_learning/rviz2_tasks/build/rm_interfaces' returned '2': CMAKE_PREFIX_PATH=/opt/ros/humble /usr/bin/cmake --build /home/cjj/Desktop/RM_work/ROS2_learning/rviz2_tasks/build/rm_interfaces -- -j20 -l20
