[0.172s] Invoking command in '/home/cjj/Desktop/RM_work/ROS2_learning/chapter_2/colcon_test/build/examples_rclcpp_minimal_composition': CMAKE_PREFIX_PATH=/opt/ros/humble /usr/bin/cmake /home/cjj/Desktop/RM_work/ROS2_learning/chapter_2/colcon_test/src/examples/rclcpp/composition/minimal_composition -DCMAKE_INSTALL_PREFIX=/home/cjj/Desktop/RM_work/ROS2_learning/chapter_2/colcon_test/install/examples_rclcpp_minimal_composition
[5.291s] -- The C compiler identification is GNU 11.4.0
[5.291s] -- The CXX compiler identification is GNU 11.4.0
[5.292s] -- Detecting C compiler ABI info
[5.294s] -- Detecting C compiler ABI info - done
[5.295s] -- Check for working C compiler: /usr/bin/cc - skipped
[5.298s] -- Detecting C compile features
[5.298s] -- Detecting C compile features - done
[5.299s] -- Detecting CXX compiler ABI info
[5.299s] -- Detecting CXX compiler ABI info - done
[5.300s] -- Check for working CXX compiler: /usr/bin/c++ - skipped
[5.300s] -- Detecting CXX compile features
[5.300s] -- Detecting CXX compile features - done
[5.301s] -- Found ament_cmake: 1.3.10 (/opt/ros/humble/share/ament_cmake/cmake)
[5.303s] -- Found Python3: /usr/bin/python3 (found version "3.10.12") found components: Interpreter 
[5.304s] -- Found rclcpp: 16.0.10 (/opt/ros/humble/share/rclcpp/cmake)
[5.305s] -- Found rosidl_generator_c: 3.1.5 (/opt/ros/humble/share/rosidl_generator_c/cmake)
[5.305s] -- Found rosidl_adapter: 3.1.5 (/opt/ros/humble/share/rosidl_adapter/cmake)
[5.308s] -- Found rosidl_generator_cpp: 3.1.5 (/opt/ros/humble/share/rosidl_generator_cpp/cmake)
[5.308s] -- Using all available rosidl_typesupport_c: rosidl_typesupport_fastrtps_c;rosidl_typesupport_introspection_c
[5.312s] -- Using all available rosidl_typesupport_cpp: rosidl_typesupport_fastrtps_cpp;rosidl_typesupport_introspection_cpp
[5.313s] -- Found rmw_implementation_cmake: 6.1.2 (/opt/ros/humble/share/rmw_implementation_cmake/cmake)
[5.313s] -- Found rmw_fastrtps_cpp: 6.2.7 (/opt/ros/humble/share/rmw_fastrtps_cpp/cmake)
[5.314s] -- Found OpenSSL: /usr/lib/x86_64-linux-gnu/libcrypto.so (found version "3.0.2")  
[5.317s] -- Found FastRTPS: /opt/ros/humble/include  
[5.317s] -- Using RMW implementation 'rmw_fastrtps_cpp' as default
[5.318s] -- Looking for pthread.h
[5.318s] -- Looking for pthread.h - found
[5.319s] -- Performing Test CMAKE_HAVE_LIBC_PTHREAD
[5.321s] -- Performing Test CMAKE_HAVE_LIBC_PTHREAD - Success
[5.322s] -- Found Threads: TRUE  
[5.323s] -- Found rclcpp_components: 16.0.10 (/opt/ros/humble/share/rclcpp_components/cmake)
[5.326s] -- Found ament_lint_auto: 0.12.11 (/opt/ros/humble/share/ament_lint_auto/cmake)
[5.333s] -- Added test 'copyright' to check source files copyright and LICENSE
[5.341s] -- Added test 'cppcheck' to perform static code analysis on C / C++ code
[5.341s] -- Configured cppcheck include dirs: /home/cjj/Desktop/RM_work/ROS2_learning/chapter_2/colcon_test/src/examples/rclcpp/composition/minimal_composition/include
[5.344s] -- Configured cppcheck exclude dirs and/or files: 
[5.345s] -- Added test 'cpplint' to check C / C++ code against the Google style
[5.348s] -- Configured cpplint exclude dirs and/or files: 
[5.353s] -- Added test 'lint_cmake' to check CMake code style
[5.354s] -- Added test 'uncrustify' to check C / C++ code style
[5.355s] -- Configured uncrustify additional arguments: 
[5.356s] -- Added test 'xmllint' to check XML markup files
[5.356s] -- Configuring done
[5.357s] -- Generating done
[5.357s] -- Build files have been written to: /home/cjj/Desktop/RM_work/ROS2_learning/chapter_2/colcon_test/build/examples_rclcpp_minimal_composition
[5.731s] Invoked command in '/home/cjj/Desktop/RM_work/ROS2_learning/chapter_2/colcon_test/build/examples_rclcpp_minimal_composition' returned '0': CMAKE_PREFIX_PATH=/opt/ros/humble /usr/bin/cmake /home/cjj/Desktop/RM_work/ROS2_learning/chapter_2/colcon_test/src/examples/rclcpp/composition/minimal_composition -DCMAKE_INSTALL_PREFIX=/home/cjj/Desktop/RM_work/ROS2_learning/chapter_2/colcon_test/install/examples_rclcpp_minimal_composition
[5.737s] Invoking command in '/home/cjj/Desktop/RM_work/ROS2_learning/chapter_2/colcon_test/build/examples_rclcpp_minimal_composition': CMAKE_PREFIX_PATH=/opt/ros/humble /usr/bin/cmake --build /home/cjj/Desktop/RM_work/ROS2_learning/chapter_2/colcon_test/build/examples_rclcpp_minimal_composition -- -j20 -l20
[5.784s] [ 11%] [32mBuilding CXX object CMakeFiles/composition_nodes.dir/src/publisher_node.cpp.o[0m
[5.784s] [ 22%] [32mBuilding CXX object CMakeFiles/composition_nodes.dir/src/subscriber_node.cpp.o[0m
[62.213s] [01m[Kc++:[m[K [01;31m[Kfatal error: [m[KÂ∑≤ÊùÄÊ≠ª signal terminated program cc1plus
[62.223s] compilation terminated.
[62.223s] gmake[2]: *** [CMakeFiles/composition_nodes.dir/build.make:90ÔºöCMakeFiles/composition_nodes.dir/src/subscriber_node.cpp.o] ÈîôËØØ 1
[62.224s] gmake[2]: *** Ê≠£Âú®Á≠âÂæÖÊú™ÂÆåÊàêÁöÑ‰ªªÂä°....
