[01m[K/home/cjj/Desktop/RM_work/ROS2_learning/chapter_3/chapt3_ws/src/my_topic_rclcpp/src/topic_publisher_01.cpp:[m[K In member function â€˜[01m[Kvoid TopicPublisher01::timer_callback()[m[Kâ€™:
[01m[K/home/cjj/Desktop/RM_work/ROS2_learning/chapter_3/chapt3_ws/src/my_topic_rclcpp/src/topic_publisher_01.cpp:25:19:[m[K [01;31m[Kerror: [m[Kâ€˜[01m[Kclass TopicPublisher01[m[Kâ€™ has no member named â€˜[01m[Kpubilsh_counter[m[Kâ€™; did you mean â€˜[01m[Kpublish_counter[m[Kâ€™?
   25 |             this->[01;31m[Kpubilsh_counter[m[K++;
      |                   [01;31m[K^~~~~~~~~~~~~~~[m[K
      |                   [32m[Kpublish_counter[m[K
[01m[K/home/cjj/Desktop/RM_work/ROS2_learning/chapter_3/chapt3_ws/src/my_topic_rclcpp/src/topic_publisher_01.cpp:28:34:[m[K [01;31m[Kerror: [m[Kâ€˜[01m[Kclass TopicPublisher01[m[Kâ€™ has no member named â€˜[01m[Kpubish_counter[m[Kâ€™; did you mean â€˜[01m[Kpublish_counter[m[Kâ€™?
   28 |             message.data = this->[01;31m[Kpubish_counter[m[K%2?"forward":"backward";
      |                                  [01;31m[K^~~~~~~~~~~~~~[m[K
      |                                  [32m[Kpublish_counter[m[K
gmake[2]: *** [CMakeFiles/topic_publisher_01.dir/build.make:76ï¼šCMakeFiles/topic_publisher_01.dir/src/topic_publisher_01.cpp.o] é”™è¯¯ 1
gmake[1]: *** [CMakeFiles/Makefile2:139ï¼šCMakeFiles/topic_publisher_01.dir/all] é”™è¯¯ 2
gmake[1]: *** æ­£åœ¨ç­‰å¾…æœªå®Œæˆçš„ä»»åŠ¡....
gmake: *** [Makefile:146ï¼šall] é”™è¯¯ 2
