-- Found ament_cmake: 1.3.10 (/opt/ros/humble/share/ament_cmake/cmake)
-- Found rclcpp: 16.0.10 (/opt/ros/humble/share/rclcpp/cmake)
-- Found rosidl_generator_c: 3.1.5 (/opt/ros/humble/share/rosidl_generator_c/cmake)
-- Found rosidl_adapter: 3.1.5 (/opt/ros/humble/share/rosidl_adapter/cmake)
-- Found rosidl_generator_cpp: 3.1.5 (/opt/ros/humble/share/rosidl_generator_cpp/cmake)
-- Using all available rosidl_typesupport_c: rosidl_typesupport_fastrtps_c;rosidl_typesupport_introspection_c
-- Using all available rosidl_typesupport_cpp: rosidl_typesupport_fastrtps_cpp;rosidl_typesupport_introspection_cpp
-- Found rmw_implementation_cmake: 6.1.2 (/opt/ros/humble/share/rmw_implementation_cmake/cmake)
-- Found rmw_fastrtps_cpp: 6.2.7 (/opt/ros/humble/share/rmw_fastrtps_cpp/cmake)
-- Using RMW implementation 'rmw_fastrtps_cpp' as default
-- Found ament_lint_auto: 0.12.11 (/opt/ros/humble/share/ament_lint_auto/cmake)
-- Added test 'cppcheck' to perform static code analysis on C / C++ code
-- Configured cppcheck include dirs: 
-- Configured cppcheck exclude dirs and/or files: 
-- Added test 'lint_cmake' to check CMake code style
-- Added test 'uncrustify' to check C / C++ code style
-- Configured uncrustify additional arguments: 
-- Added test 'xmllint' to check XML markup files
-- Configuring done
-- Generating done
-- Build files have been written to: /home/cjj/Desktop/RM_work/ROS2_learning/chapter_3/chapt3_ws/build/my_topic_rclcpp
[35m[1mConsolidate compiler generated dependencies of target topic_subscribe_01[0m
[35m[1mConsolidate compiler generated dependencies of target topic_publisher_01[0m
[ 25%] [32mBuilding CXX object CMakeFiles/topic_subscribe_01.dir/src/topic_subscribe_01.cpp.o[0m
[ 50%] [32mBuilding CXX object CMakeFiles/topic_publisher_01.dir/src/topic_publisher_01.cpp.o[0m
[01m[K/home/cjj/Desktop/RM_work/ROS2_learning/chapter_3/chapt3_ws/src/my_topic_rclcpp/src/topic_publisher_01.cpp:[m[K In member function â€˜[01m[Kvoid TopicPublisher01::timer_callback()[m[Kâ€™:
[01m[K/home/cjj/Desktop/RM_work/ROS2_learning/chapter_3/chapt3_ws/src/my_topic_rclcpp/src/topic_publisher_01.cpp:25:19:[m[K [01;31m[Kerror: [m[Kâ€˜[01m[Kclass TopicPublisher01[m[Kâ€™ has no member named â€˜[01m[Kpubilsh_counter[m[Kâ€™; did you mean â€˜[01m[Kpublish_counter[m[Kâ€™?
   25 |             this->[01;31m[Kpubilsh_counter[m[K++;
      |                   [01;31m[K^~~~~~~~~~~~~~~[m[K
      |                   [32m[Kpublish_counter[m[K
[01m[K/home/cjj/Desktop/RM_work/ROS2_learning/chapter_3/chapt3_ws/src/my_topic_rclcpp/src/topic_publisher_01.cpp:28:34:[m[K [01;31m[Kerror: [m[Kâ€˜[01m[Kclass TopicPublisher01[m[Kâ€™ has no member named â€˜[01m[Kpubish_counter[m[Kâ€™; did you mean â€˜[01m[Kpublish_counter[m[Kâ€™?
   28 |             message.data = this->[01;31m[Kpubish_counter[m[K%2?"forward":"backward";
      |                                  [01;31m[K^~~~~~~~~~~~~~[m[K
      |                                  [32m[Kpublish_counter[m[K
gmake[2]: *** [CMakeFiles/topic_publisher_01.dir/build.make:76ï¼šCMakeFiles/topic_publisher_01.dir/src/topic_publisher_01.cpp.o] é”™è¯¯ 1
gmake[1]: *** [CMakeFiles/Makefile2:139ï¼šCMakeFiles/topic_publisher_01.dir/all] é”™è¯¯ 2
gmake[1]: *** æ­£åœ¨ç­‰å¾…æœªå®Œæˆçš„ä»»åŠ¡....
[ 75%] [32m[1mLinking CXX executable topic_subscribe_01[0m
[ 75%] Built target topic_subscribe_01
gmake: *** [Makefile:146ï¼šall] é”™è¯¯ 2
