[01m[Kc++:[m[K [01;31m[Kfatal error: [m[Kå·²æ€æ­» signal terminated program cc1plus
compilation terminated.
gmake[2]: *** [CMakeFiles/wait_set.dir/build.make:76ï¼šCMakeFiles/wait_set.dir/src/wait_set.cpp.o] é”™è¯¯ 1
gmake[1]: *** [CMakeFiles/Makefile2:263ï¼šCMakeFiles/wait_set.dir/all] é”™è¯¯ 2
gmake[1]: *** æ­£åœ¨ç­‰å¾…æœªå®Œæˆçš„ä»»åŠ¡....
