[0.174s] Invoking command in '/home/cjj/Desktop/RM_work/ROS2_learning/chapter_2/colcon_test/build/examples_rclcpp_wait_set': CMAKE_PREFIX_PATH=/opt/ros/humble /usr/bin/cmake /home/cjj/Desktop/RM_work/ROS2_learning/chapter_2/colcon_test/src/examples/rclcpp/wait_set -DCMAKE_INSTALL_PREFIX=/home/cjj/Desktop/RM_work/ROS2_learning/chapter_2/colcon_test/install/examples_rclcpp_wait_set
[5.619s] -- The C compiler identification is GNU 11.4.0
[5.621s] -- The CXX compiler identification is GNU 11.4.0
[5.623s] -- Detecting C compiler ABI info
[5.623s] -- Detecting C compiler ABI info - done
[5.623s] -- Check for working C compiler: /usr/bin/cc - skipped
[5.624s] -- Detecting C compile features
[5.624s] -- Detecting C compile features - done
[5.624s] -- Detecting CXX compiler ABI info
[5.624s] -- Detecting CXX compiler ABI info - done
[5.625s] -- Check for working CXX compiler: /usr/bin/c++ - skipped
[5.625s] -- Detecting CXX compile features
[5.625s] -- Detecting CXX compile features - done
[5.629s] -- Found ament_cmake: 1.3.10 (/opt/ros/humble/share/ament_cmake/cmake)
[5.629s] -- Found Python3: /usr/bin/python3 (found version "3.10.12") found components: Interpreter 
[5.630s] -- Found example_interfaces: 0.9.3 (/opt/ros/humble/share/example_interfaces/cmake)
[5.630s] -- Found rosidl_generator_c: 3.1.5 (/opt/ros/humble/share/rosidl_generator_c/cmake)
[5.630s] -- Found rosidl_adapter: 3.1.5 (/opt/ros/humble/share/rosidl_adapter/cmake)
[5.630s] -- Found rosidl_generator_cpp: 3.1.5 (/opt/ros/humble/share/rosidl_generator_cpp/cmake)
[5.631s] -- Using all available rosidl_typesupport_c: rosidl_typesupport_fastrtps_c;rosidl_typesupport_introspection_c
[5.631s] -- Using all available rosidl_typesupport_cpp: rosidl_typesupport_fastrtps_cpp;rosidl_typesupport_introspection_cpp
[5.634s] -- Found rclcpp: 16.0.10 (/opt/ros/humble/share/rclcpp/cmake)
[5.635s] -- Found rmw_implementation_cmake: 6.1.2 (/opt/ros/humble/share/rmw_implementation_cmake/cmake)
[5.635s] -- Found rmw_fastrtps_cpp: 6.2.7 (/opt/ros/humble/share/rmw_fastrtps_cpp/cmake)
[5.635s] -- Found OpenSSL: /usr/lib/x86_64-linux-gnu/libcrypto.so (found version "3.0.2")  
[5.637s] -- Found FastRTPS: /opt/ros/humble/include  
[5.638s] -- Using RMW implementation 'rmw_fastrtps_cpp' as default
[5.638s] -- Looking for pthread.h
[5.638s] -- Looking for pthread.h - found
[5.639s] -- Performing Test CMAKE_HAVE_LIBC_PTHREAD
[5.639s] -- Performing Test CMAKE_HAVE_LIBC_PTHREAD - Success
[5.639s] -- Found Threads: TRUE  
[5.646s] -- Found rclcpp_components: 16.0.10 (/opt/ros/humble/share/rclcpp_components/cmake)
[5.646s] -- Found ament_lint_auto: 0.12.11 (/opt/ros/humble/share/ament_lint_auto/cmake)
[5.646s] -- Added test 'copyright' to check source files copyright and LICENSE
[5.647s] -- Added test 'cppcheck' to perform static code analysis on C / C++ code
[5.647s] -- Configured cppcheck include dirs: /home/cjj/Desktop/RM_work/ROS2_learning/chapter_2/colcon_test/src/examples/rclcpp/wait_set/include
[5.647s] -- Configured cppcheck exclude dirs and/or files: 
[5.647s] -- Added test 'cpplint' to check C / C++ code against the Google style
[5.648s] -- Configured cpplint exclude dirs and/or files: 
[5.648s] -- Added test 'lint_cmake' to check CMake code style
[5.648s] -- Added test 'uncrustify' to check C / C++ code style
[5.648s] -- Configured uncrustify additional arguments: 
[5.649s] -- Added test 'xmllint' to check XML markup files
[5.649s] -- Configuring done
[5.649s] -- Generating done
[5.652s] -- Build files have been written to: /home/cjj/Desktop/RM_work/ROS2_learning/chapter_2/colcon_test/build/examples_rclcpp_wait_set
[5.718s] Invoked command in '/home/cjj/Desktop/RM_work/ROS2_learning/chapter_2/colcon_test/build/examples_rclcpp_wait_set' returned '0': CMAKE_PREFIX_PATH=/opt/ros/humble /usr/bin/cmake /home/cjj/Desktop/RM_work/ROS2_learning/chapter_2/colcon_test/src/examples/rclcpp/wait_set -DCMAKE_INSTALL_PREFIX=/home/cjj/Desktop/RM_work/ROS2_learning/chapter_2/colcon_test/install/examples_rclcpp_wait_set
[5.721s] Invoking command in '/home/cjj/Desktop/RM_work/ROS2_learning/chapter_2/colcon_test/build/examples_rclcpp_wait_set': CMAKE_PREFIX_PATH=/opt/ros/humble /usr/bin/cmake --build /home/cjj/Desktop/RM_work/ROS2_learning/chapter_2/colcon_test/build/examples_rclcpp_wait_set -- -j20 -l20
[5.754s] [  4%] [32mBuilding CXX object CMakeFiles/talker.dir/src/talker.cpp.o[0m
[5.755s] [  8%] [32mBuilding CXX object CMakeFiles/wait_set_listener.dir/rclcpp_components/node_main_wait_set_listener.cpp.o[0m
[5.761s] [ 12%] [32mBuilding CXX object CMakeFiles/wait_set.dir/src/wait_set.cpp.o[0m
[5.761s] [ 16%] [32mBuilding CXX object CMakeFiles/wait_set_random_order.dir/src/wait_set_random_order.cpp.o[0m
[5.761s] [ 20%] [32mBuilding CXX object CMakeFiles/wait_set_talker.dir/rclcpp_components/node_main_wait_set_talker.cpp.o[0m
[5.762s] [ 25%] [32mBuilding CXX object CMakeFiles/thread_safe_wait_set.dir/src/thread_safe_wait_set.cpp.o[0m
[5.762s] [ 29%] [32mBuilding CXX object CMakeFiles/static_wait_set.dir/src/static_wait_set.cpp.o[0m
[5.777s] [ 33%] [32mBuilding CXX object CMakeFiles/wait_set_topics_and_timer.dir/src/wait_set_topics_and_timer.cpp.o[0m
[5.780s] [ 37%] [32mBuilding CXX object CMakeFiles/listener.dir/src/listener.cpp.o[0m
[5.783s] [ 41%] [32mBuilding CXX object CMakeFiles/wait_set_topics_with_different_rates.dir/src/wait_set_topics_with_different_rates.cpp.o[0m
[5.828s] [ 45%] [32mBuilding CXX object CMakeFiles/executor_random_order.dir/src/executor_random_order.cpp.o[0m
[50.151s] [01m[Kc++:[m[K [01;31m[Kfatal error: [m[KÂ∑≤ÊùÄÊ≠ª signal terminated program cc1plus
[50.161s] compilation terminated.
[50.162s] gmake[2]: *** [CMakeFiles/wait_set.dir/build.make:76ÔºöCMakeFiles/wait_set.dir/src/wait_set.cpp.o] ÈîôËØØ 1
[50.163s] gmake[1]: *** [CMakeFiles/Makefile2:263ÔºöCMakeFiles/wait_set.dir/all] ÈîôËØØ 2
[50.163s] gmake[1]: *** Ê≠£Âú®Á≠âÂæÖÊú™ÂÆåÊàêÁöÑ‰ªªÂä°....
