[01m[Kc++:[m[K [01;31m[Kfatal error: [m[Kå·²æ€æ­» signal terminated program cc1plus
compilation terminated.
gmake[2]: *** [CMakeFiles/static_wait_set_subscriber.dir/build.make:76ï¼šCMakeFiles/static_wait_set_subscriber.dir/rclcpp_components/node_main_static_wait_set_subscriber.cpp.o] é”™è¯¯ 1
gmake[1]: *** [CMakeFiles/Makefile2:391ï¼šCMakeFiles/static_wait_set_subscriber.dir/all] é”™è¯¯ 2
gmake[1]: *** æ­£åœ¨ç­‰å¾…æœªå®Œæˆçš„ä»»åŠ¡....
