[0.185s] Invoking command in '/home/cjj/Desktop/RM_work/ROS2_learning/chapter_2/colcon_test/build/examples_rclcpp_minimal_subscriber': CMAKE_PREFIX_PATH=/opt/ros/humble /usr/bin/cmake /home/cjj/Desktop/RM_work/ROS2_learning/chapter_2/colcon_test/src/examples/rclcpp/topics/minimal_subscriber -DCMAKE_INSTALL_PREFIX=/home/cjj/Desktop/RM_work/ROS2_learning/chapter_2/colcon_test/install/examples_rclcpp_minimal_subscriber
[5.498s] -- The C compiler identification is GNU 11.4.0
[5.498s] -- The CXX compiler identification is GNU 11.4.0
[5.499s] -- Detecting C compiler ABI info
[5.499s] -- Detecting C compiler ABI info - done
[5.499s] -- Check for working C compiler: /usr/bin/cc - skipped
[5.499s] -- Detecting C compile features
[5.499s] -- Detecting C compile features - done
[5.500s] -- Detecting CXX compiler ABI info
[5.500s] -- Detecting CXX compiler ABI info - done
[5.500s] -- Check for working CXX compiler: /usr/bin/c++ - skipped
[5.500s] -- Detecting CXX compile features
[5.505s] -- Detecting CXX compile features - done
[5.526s] -- Found ament_cmake: 1.3.10 (/opt/ros/humble/share/ament_cmake/cmake)
[5.537s] -- Found Python3: /usr/bin/python3 (found version "3.10.12") found components: Interpreter 
[5.537s] -- Found rclcpp: 16.0.10 (/opt/ros/humble/share/rclcpp/cmake)
[5.538s] -- Found rosidl_generator_c: 3.1.5 (/opt/ros/humble/share/rosidl_generator_c/cmake)
[5.538s] -- Found rosidl_adapter: 3.1.5 (/opt/ros/humble/share/rosidl_adapter/cmake)
[5.538s] -- Found rosidl_generator_cpp: 3.1.5 (/opt/ros/humble/share/rosidl_generator_cpp/cmake)
[5.540s] -- Using all available rosidl_typesupport_c: rosidl_typesupport_fastrtps_c;rosidl_typesupport_introspection_c
[5.540s] -- Using all available rosidl_typesupport_cpp: rosidl_typesupport_fastrtps_cpp;rosidl_typesupport_introspection_cpp
[5.540s] -- Found rmw_implementation_cmake: 6.1.2 (/opt/ros/humble/share/rmw_implementation_cmake/cmake)
[5.541s] -- Found rmw_fastrtps_cpp: 6.2.7 (/opt/ros/humble/share/rmw_fastrtps_cpp/cmake)
[5.541s] -- Found OpenSSL: /usr/lib/x86_64-linux-gnu/libcrypto.so (found version "3.0.2")  
[5.541s] -- Found FastRTPS: /opt/ros/humble/include  
[5.541s] -- Using RMW implementation 'rmw_fastrtps_cpp' as default
[5.542s] -- Looking for pthread.h
[5.542s] -- Looking for pthread.h - found
[5.542s] -- Performing Test CMAKE_HAVE_LIBC_PTHREAD
[5.556s] -- Performing Test CMAKE_HAVE_LIBC_PTHREAD - Success
[5.556s] -- Found Threads: TRUE  
[5.556s] -- Found rclcpp_components: 16.0.10 (/opt/ros/humble/share/rclcpp_components/cmake)
[5.557s] -- Found ament_lint_auto: 0.12.11 (/opt/ros/humble/share/ament_lint_auto/cmake)
[5.557s] -- Added test 'copyright' to check source files copyright and LICENSE
[5.557s] -- Added test 'cppcheck' to perform static code analysis on C / C++ code
[5.558s] -- Configured cppcheck include dirs: 
[5.558s] -- Configured cppcheck exclude dirs and/or files: 
[5.558s] -- Added test 'cpplint' to check C / C++ code against the Google style
[5.578s] -- Configured cpplint exclude dirs and/or files: 
[5.578s] -- Added test 'lint_cmake' to check CMake code style
[5.579s] -- Added test 'uncrustify' to check C / C++ code style
[5.579s] -- Configured uncrustify additional arguments: 
[5.579s] -- Added test 'xmllint' to check XML markup files
[5.579s] -- Configuring done
[5.580s] -- Generating done
[5.580s] -- Build files have been written to: /home/cjj/Desktop/RM_work/ROS2_learning/chapter_2/colcon_test/build/examples_rclcpp_minimal_subscriber
[5.729s] Invoked command in '/home/cjj/Desktop/RM_work/ROS2_learning/chapter_2/colcon_test/build/examples_rclcpp_minimal_subscriber' returned '0': CMAKE_PREFIX_PATH=/opt/ros/humble /usr/bin/cmake /home/cjj/Desktop/RM_work/ROS2_learning/chapter_2/colcon_test/src/examples/rclcpp/topics/minimal_subscriber -DCMAKE_INSTALL_PREFIX=/home/cjj/Desktop/RM_work/ROS2_learning/chapter_2/colcon_test/install/examples_rclcpp_minimal_subscriber
[5.735s] Invoking command in '/home/cjj/Desktop/RM_work/ROS2_learning/chapter_2/colcon_test/build/examples_rclcpp_minimal_subscriber': CMAKE_PREFIX_PATH=/opt/ros/humble /usr/bin/cmake --build /home/cjj/Desktop/RM_work/ROS2_learning/chapter_2/colcon_test/build/examples_rclcpp_minimal_subscriber -- -j20 -l20
[5.771s] [  4%] [32mBuilding CXX object CMakeFiles/wait_set_subscriber_library.dir/wait_set_subscriber.cpp.o[0m
[5.772s] [  8%] [32mBuilding CXX object CMakeFiles/subscriber_member_function_with_topic_statistics.dir/member_function_with_topic_statistics.cpp.o[0m
[5.772s] [ 12%] [32mBuilding CXX object CMakeFiles/subscriber_lambda.dir/lambda.cpp.o[0m
[5.773s] [ 16%] [32mBuilding CXX object CMakeFiles/wait_set_subscriber.dir/rclcpp_components/node_main_wait_set_subscriber.cpp.o[0m
[5.773s] [ 20%] [32mBuilding CXX object CMakeFiles/subscriber_not_composable.dir/not_composable.cpp.o[0m
[5.778s] [ 25%] [32mBuilding CXX object CMakeFiles/wait_set_subscriber_library.dir/static_wait_set_subscriber.cpp.o[0m
[5.778s] [ 29%] [32mBuilding CXX object CMakeFiles/wait_set_subscriber_library.dir/time_triggered_wait_set_subscriber.cpp.o[0m
[5.779s] [ 33%] [32mBuilding CXX object CMakeFiles/subscriber_content_filtering.dir/content_filtering.cpp.o[0m
[5.780s] [ 37%] [32mBuilding CXX object CMakeFiles/time_triggered_wait_set_subscriber.dir/rclcpp_components/node_main_time_triggered_wait_set_subscriber.cpp.o[0m
[5.781s] [ 41%] [32mBuilding CXX object CMakeFiles/static_wait_set_subscriber.dir/rclcpp_components/node_main_static_wait_set_subscriber.cpp.o[0m
[5.795s] [ 45%] [32mBuilding CXX object CMakeFiles/subscriber_member_function_with_unique_network_flow_endpoints.dir/member_function_with_unique_network_flow_endpoints.cpp.o[0m
[5.796s] [ 50%] [32mBuilding CXX object CMakeFiles/subscriber_member_function.dir/member_function.cpp.o[0m
[5.804s] [ 54%] [32mBuilding CXX object CMakeFiles/subscriber_member_function_with_type_adapter.dir/member_function_with_type_adapter.cpp.o[0m
[62.236s] [01m[Kc++:[m[K [01;31m[Kfatal error: [m[KÂ∑≤ÊùÄÊ≠ª signal terminated program cc1plus
[62.237s] compilation terminated.
[62.237s] gmake[2]: *** [CMakeFiles/static_wait_set_subscriber.dir/build.make:76ÔºöCMakeFiles/static_wait_set_subscriber.dir/rclcpp_components/node_main_static_wait_set_subscriber.cpp.o] ÈîôËØØ 1
[62.237s] gmake[1]: *** [CMakeFiles/Makefile2:391ÔºöCMakeFiles/static_wait_set_subscriber.dir/all] ÈîôËØØ 2
[62.238s] gmake[1]: *** Ê≠£Âú®Á≠âÂæÖÊú™ÂÆåÊàêÁöÑ‰ªªÂä°....
