<?xml version="1.0" encoding="utf-8"?><testsuites><testsuite name="pytest" errors="0" failures="0" skipped="0" tests="3" time="0.295" timestamp="2024-11-10T10:04:07.051924" hostname="cjj-HKF-WXX"><testcase classname="examples_rclpy_executors.executors.test.test_copyright" name="test_copyright" time="0.146" /><testcase classname="examples_rclpy_executors.executors.test.test_flake8" name="test_flake8" time="0.071" /><testcase classname="examples_rclpy_executors.executors.test.test_pep257" name="test_pep257" time="0.025" /></testsuite></testsuites>