[0.007s] Invoking command in '/home/cjj/Desktop/RM_work/ROS2_learning/rviz2_tasks/build/image_detector': CMAKE_PREFIX_PATH=/home/cjj/Desktop/RM_work/ROS2_learning/rviz2_tasks/install/rm_interfaces:/home/cjj/Desktop/RM_work/ROS2_learning/rviz2_tasks/install/image_detector:/opt/ros/humble LD_LIBRARY_PATH=/home/cjj/Desktop/RM_work/ROS2_learning/rviz2_tasks/install/rm_interfaces/lib:/opt/ros/humble/opt/rviz_ogre_vendor/lib:/opt/ros/humble/lib/x86_64-linux-gnu:/opt/ros/humble/lib:/opt/MVS/lib/64:/opt/MVS/lib/32:/opt/intel/openvino/runtime/lib/intel64:/usr/local/lib:/opt/MVS/lib/64:/opt/MVS/lib/32:/opt/MVS/lib/64:/opt/MVS/lib/32 /usr/bin/cmake --build /home/cjj/Desktop/RM_work/ROS2_learning/rviz2_tasks/build/image_detector -- -j20 -l20
[0.043s] [35m[1mConsolidate compiler generated dependencies of target objective_track[0m
[0.055s] [ 25%] [32mBuilding CXX object CMakeFiles/objective_track.dir/src/objective_track.cpp.o[0m
[0.055s] [ 50%] [32mBuilding CXX object CMakeFiles/objective_track.dir/src/main.cpp.o[0m
[0.055s] [ 75%] [32mBuilding CXX object CMakeFiles/objective_track.dir/src/image_detector_node.cpp.o[0m
[0.062s] In file included from [01m[K/home/cjj/Desktop/RM_work/ROS2_learning/rviz2_tasks/src/image_detector/src/image_detector_node.cpp:1[m[K:
[0.062s] [01m[K/home/cjj/Desktop/RM_work/ROS2_learning/rviz2_tasks/src/image_detector/include/image_detector/image_detector.hpp:1:10:[m[K [01;31m[Kfatal error: [m[Krclcpp/rclcpp.hpp: Ê≤°ÊúâÈÇ£‰∏™Êñá‰ª∂ÊàñÁõÆÂΩï
[0.062s]     1 | #include [01;31m[K<rclcpp/rclcpp.hpp>[m[K
[0.062s]       |          [01;31m[K^~~~~~~~~~~~~~~~~~~[m[K
[0.062s] compilation terminated.
[0.062s] gmake[2]: *** [CMakeFiles/objective_track.dir/build.make:76ÔºöCMakeFiles/objective_track.dir/src/image_detector_node.cpp.o] ÈîôËØØ 1
[0.063s] gmake[2]: *** Ê≠£Âú®Á≠âÂæÖÊú™ÂÆåÊàêÁöÑ‰ªªÂä°....
[0.777s] In file included from [01m[K/home/cjj/Desktop/RM_work/ROS2_learning/rviz2_tasks/src/image_detector/src/objective_track.cpp:1[m[K:
[0.777s] [01m[K/home/cjj/Desktop/RM_work/ROS2_learning/rviz2_tasks/src/image_detector/include/image_detector/objective_track.hpp:7:23:[m[K [01;31m[Kerror: [m[K‚Äò[01m[Kstring[m[K‚Äô has not been declared
[0.777s]     7 | void show(cv::Mat img,[01;31m[Kstring[m[K name = "Test");
[0.777s]       |                       [01;31m[K^~~~~~[m[K
[0.777s] [01m[K/home/cjj/Desktop/RM_work/ROS2_learning/rviz2_tasks/src/image_detector/include/image_detector/objective_track.hpp:7:43:[m[K [01;31m[Kerror: [m[Kinvalid conversion from ‚Äò[01m[Kconst char*[m[K‚Äô to ‚Äò[01m[Kint[m[K‚Äô [[01;31m[K]8;;https://gcc.gnu.org/onlinedocs/gcc/Warning-Options.html#index-fpermissive-fpermissive]8;;[m[K]
[0.778s]     7 | void show(cv::Mat img,string name = "Test"[01;31m[K)[m[K;
[0.778s]       |                                           [01;31m[K^[m[K
[0.778s]       |                                           [01;31m[K|[m[K
[0.778s]       |                                           [01;31m[Kconst char*[m[K
[0.778s] [01m[K/home/cjj/Desktop/RM_work/ROS2_learning/rviz2_tasks/src/image_detector/src/objective_track.cpp:4:23:[m[K [01;31m[Kerror: [m[K‚Äò[01m[Kstring[m[K‚Äô has not been declared
[0.778s]     4 | void show(cv::Mat img,[01;31m[Kstring[m[K name = "Test"){
[0.778s]       |                       [01;31m[K^~~~~~[m[K
[0.778s] [01m[K/home/cjj/Desktop/RM_work/ROS2_learning/rviz2_tasks/src/image_detector/src/objective_track.cpp:4:43:[m[K [01;31m[Kerror: [m[Kinvalid conversion from ‚Äò[01m[Kconst char*[m[K‚Äô to ‚Äò[01m[Kint[m[K‚Äô [[01;31m[K]8;;https://gcc.gnu.org/onlinedocs/gcc/Warning-Options.html#index-fpermissive-fpermissive]8;;[m[K]
[0.778s]     4 | void show(cv::Mat img,string name = "Test"[01;31m[K)[m[K{
[0.778s]       |                                           [01;31m[K^[m[K
[0.778s]       |                                           [01;31m[K|[m[K
[0.778s]       |                                           [01;31m[Kconst char*[m[K
[0.778s] [01m[K/home/cjj/Desktop/RM_work/ROS2_learning/rviz2_tasks/src/image_detector/src/objective_track.cpp:4:6:[m[K [01;31m[Kerror: [m[Kdefault argument given for parameter 2 of ‚Äò[01m[Kvoid show(cv::Mat, int)[m[K‚Äô [[01;31m[K]8;;https://gcc.gnu.org/onlinedocs/gcc/Warning-Options.html#index-fpermissive-fpermissive]8;;[m[K]
[0.778s]     4 | void [01;31m[Kshow[m[K(cv::Mat img,string name = "Test"){
[0.778s]       |      [01;31m[K^~~~[m[K
[0.778s] In file included from [01m[K/home/cjj/Desktop/RM_work/ROS2_learning/rviz2_tasks/src/image_detector/src/objective_track.cpp:1[m[K:
[0.778s] [01m[K/home/cjj/Desktop/RM_work/ROS2_learning/rviz2_tasks/src/image_detector/include/image_detector/objective_track.hpp:7:6:[m[K [01;36m[Knote: [m[Kprevious specification in ‚Äò[01m[Kvoid show(cv::Mat, int)[m[K‚Äô here
[0.778s]     7 | void [01;36m[Kshow[m[K(cv::Mat img,string name = "Test");
[0.778s]       |      [01;36m[K^~~~[m[K
[0.778s] [01m[K/home/cjj/Desktop/RM_work/ROS2_learning/rviz2_tasks/src/image_detector/src/objective_track.cpp:[m[K In function ‚Äò[01m[Kvoid show(cv::Mat, int)[m[K‚Äô:
[0.778s] [01m[K/home/cjj/Desktop/RM_work/ROS2_learning/rviz2_tasks/src/image_detector/src/objective_track.cpp:5:15:[m[K [01;31m[Kerror: [m[Kno matching function for call to ‚Äò[01m[Kimshow(int&, cv::Mat&)[m[K‚Äô
[0.778s]     5 |     [01;31m[Kcv::imshow(name,img)[m[K;
[0.778s]       |     [01;31m[K~~~~~~~~~~^~~~~~~~~~[m[K
[0.778s] In file included from [01m[K/usr/include/opencv4/opencv2/opencv.hpp:68[m[K,
[0.778s]                  from [01m[K/home/cjj/Desktop/RM_work/ROS2_learning/rviz2_tasks/src/image_detector/include/image_detector/objective_track.hpp:1[m[K,
[0.778s]                  from [01m[K/home/cjj/Desktop/RM_work/ROS2_learning/rviz2_tasks/src/image_detector/src/objective_track.cpp:1[m[K:
[0.779s] [01m[K/usr/include/opencv4/opencv2/highgui.hpp:416:19:[m[K [01;36m[Knote: [m[Kcandidate: ‚Äò[01m[Kvoid cv::imshow(const String&, cv::InputArray)[m[K‚Äô
[0.779s]   416 | CV_EXPORTS_W void [01;36m[Kimshow[m[K(const String& winname, InputArray mat);
[0.779s]       |                   [01;36m[K^~~~~~[m[K
[0.779s] [01m[K/usr/include/opencv4/opencv2/highgui.hpp:416:40:[m[K [01;36m[Knote: [m[K  no known conversion for argument 1 from ‚Äò[01m[Kint[m[K‚Äô to ‚Äò[01m[Kconst String&[m[K‚Äô {aka ‚Äò[01m[Kconst std::__cxx11::basic_string<char>&[m[K‚Äô}
[0.779s]   416 | CV_EXPORTS_W void imshow([01;36m[Kconst String& winname[m[K, InputArray mat);
[0.779s]       |                          [01;36m[K~~~~~~~~~~~~~~^~~~~~~[m[K
[0.779s] [01m[K/usr/include/opencv4/opencv2/highgui.hpp:651:17:[m[K [01;36m[Knote: [m[Kcandidate: ‚Äò[01m[Kvoid cv::imshow(const String&, const cv::ogl::Texture2D&)[m[K‚Äô
[0.779s]   651 | CV_EXPORTS void [01;36m[Kimshow[m[K(const String& winname, const ogl::Texture2D& tex);
[0.779s]       |                 [01;36m[K^~~~~~[m[K
[0.779s] [01m[K/usr/include/opencv4/opencv2/highgui.hpp:651:38:[m[K [01;36m[Knote: [m[K  no known conversion for argument 1 from ‚Äò[01m[Kint[m[K‚Äô to ‚Äò[01m[Kconst String&[m[K‚Äô {aka ‚Äò[01m[Kconst std::__cxx11::basic_string<char>&[m[K‚Äô}
[0.779s]   651 | CV_EXPORTS void imshow([01;36m[Kconst String& winname[m[K, const ogl::Texture2D& tex);
[0.779s]       |                        [01;36m[K~~~~~~~~~~~~~~^~~~~~~[m[K
[0.779s] [01m[K/home/cjj/Desktop/RM_work/ROS2_learning/rviz2_tasks/src/image_detector/src/objective_track.cpp:[m[K In function ‚Äò[01m[Kvoid track(cv::Mat&, cv::Mat&)[m[K‚Äô:
[0.779s] [01m[K/home/cjj/Desktop/RM_work/ROS2_learning/rviz2_tasks/src/image_detector/src/objective_track.cpp:20:5:[m[K [01;31m[Kerror: [m[K‚Äò[01m[Kvector[m[K‚Äô was not declared in this scope
[0.779s]    20 |     [01;31m[Kvector[m[K<vector<cv::Point>> contours;
[0.779s]       |     [01;31m[K^~~~~~[m[K
[0.779s] [01m[K/home/cjj/Desktop/RM_work/ROS2_learning/rviz2_tasks/src/image_detector/src/objective_track.cpp:20:5:[m[K [01;36m[Knote: [m[Ksuggested alternatives:
[0.779s] In file included from [01m[K/usr/include/c++/11/vector:67[m[K,
[0.779s]                  from [01m[K/usr/include/c++/11/functional:62[m[K,
[0.779s]                  from [01m[K/usr/include/c++/11/pstl/glue_algorithm_defs.h:13[m[K,
[0.779s]                  from [01m[K/usr/include/c++/11/algorithm:74[m[K,
[0.779s]                  from [01m[K/usr/include/opencv4/opencv2/core/base.hpp:55[m[K,
[0.779s]                  from [01m[K/usr/include/opencv4/opencv2/core.hpp:53[m[K,
[0.779s]                  from [01m[K/usr/include/opencv4/opencv2/opencv.hpp:52[m[K,
[0.779s]                  from [01m[K/home/cjj/Desktop/RM_work/ROS2_learning/rviz2_tasks/src/image_detector/include/image_detector/objective_track.hpp:1[m[K,
[0.779s]                  from [01m[K/home/cjj/Desktop/RM_work/ROS2_learning/rviz2_tasks/src/image_detector/src/objective_track.cpp:1[m[K:
[0.779s] [01m[K/usr/include/c++/11/bits/stl_vector.h:389:11:[m[K [01;36m[Knote: [m[K  ‚Äò[01m[Kstd::vector[m[K‚Äô
[0.779s]   389 |     class [01;36m[Kvector[m[K : protected _Vector_base<_Tp, _Alloc>
[0.779s]       |           [01;36m[K^~~~~~[m[K
[0.779s] In file included from [01m[K/usr/include/c++/11/functional:62[m[K,
[0.779s]                  from [01m[K/usr/include/c++/11/pstl/glue_algorithm_defs.h:13[m[K,
[0.780s]                  from [01m[K/usr/include/c++/11/algorithm:74[m[K,
[0.780s]                  from [01m[K/usr/include/opencv4/opencv2/core/base.hpp:55[m[K,
[0.780s]                  from [01m[K/usr/include/opencv4/opencv2/core.hpp:53[m[K,
[0.780s]                  from [01m[K/usr/include/opencv4/opencv2/opencv.hpp:52[m[K,
[0.780s]                  from [01m[K/home/cjj/Desktop/RM_work/ROS2_learning/rviz2_tasks/src/image_detector/include/image_detector/objective_track.hpp:1[m[K,
[0.780s]                  from [01m[K/home/cjj/Desktop/RM_work/ROS2_learning/rviz2_tasks/src/image_detector/src/objective_track.cpp:1[m[K:
[0.780s] [01m[K/usr/include/c++/11/vector:86:13:[m[K [01;36m[Knote: [m[K  ‚Äò[01m[Kstd::pmr::vector[m[K‚Äô
[0.780s]    86 |       using [01;36m[Kvector[m[K = std::vector<_Tp, polymorphic_allocator<_Tp>>;
[0.780s]       |             [01;36m[K^~~~~~[m[K
[0.780s] [01m[K/home/cjj/Desktop/RM_work/ROS2_learning/rviz2_tasks/src/image_detector/src/objective_track.cpp:20:28:[m[K [01;31m[Kerror: [m[Kexpected primary-expression before ‚Äò[01m[K>>[m[K‚Äô token
[0.780s]    20 |     vector<vector<cv::Point[01;31m[K>>[m[K contours;
[0.780s]       |                            [01;31m[K^~[m[K
[0.780s] [01m[K/home/cjj/Desktop/RM_work/ROS2_learning/rviz2_tasks/src/image_detector/src/objective_track.cpp:20:31:[m[K [01;31m[Kerror: [m[K‚Äò[01m[Kcontours[m[K‚Äô was not declared in this scope
[0.781s]    20 |     vector<vector<cv::Point>> [01;31m[Kcontours[m[K;
[0.781s]       |                               [01;31m[K^~~~~~~~[m[K
[0.781s] In file included from [01m[K/home/cjj/Desktop/RM_work/ROS2_learning/rviz2_tasks/src/image_detector/src/main.cpp:1[m[K:
[0.781s] [01m[K/home/cjj/Desktop/RM_work/ROS2_learning/rviz2_tasks/src/image_detector/include/image_detector/objective_track.hpp:7:23:[m[K [01;31m[Kerror: [m[K‚Äò[01m[Kstring[m[K‚Äô has not been declared
[0.781s]     7 | void show(cv::Mat img,[01;31m[Kstring[m[K name = "Test");
[0.781s]       |                       [01;31m[K^~~~~~[m[K
[0.781s] [01m[K/home/cjj/Desktop/RM_work/ROS2_learning/rviz2_tasks/src/image_detector/include/image_detector/objective_track.hpp:7:43:[m[K [01;31m[Kerror: [m[Kinvalid conversion from ‚Äò[01m[Kconst char*[m[K‚Äô to ‚Äò[01m[Kint[m[K‚Äô [[01;31m[K]8;;https://gcc.gnu.org/onlinedocs/gcc/Warning-Options.html#index-fpermissive-fpermissive]8;;[m[K]
[0.781s]     7 | void show(cv::Mat img,string name = "Test"[01;31m[K)[m[K;
[0.781s]       |                                           [01;31m[K^[m[K
[0.782s]       |                                           [01;31m[K|[m[K
[0.782s]       |                                           [01;31m[Kconst char*[m[K
[0.782s] [01m[K/home/cjj/Desktop/RM_work/ROS2_learning/rviz2_tasks/src/image_detector/src/main.cpp:[m[K In function ‚Äò[01m[Kint main(int, char**)[m[K‚Äô:
[0.782s] [01m[K/home/cjj/Desktop/RM_work/ROS2_learning/rviz2_tasks/src/image_detector/src/main.cpp:4:14:[m[K [01;35m[Kwarning: [m[Kunused parameter ‚Äò[01m[Kargc[m[K‚Äô [[01;35m[K]8;;https://gcc.gnu.org/onlinedocs/gcc/Warning-Options.html#index-Wunused-parameter-Wunused-parameter]8;;[m[K]
[0.782s]     4 | int main([01;35m[Kint argc[m[K,char** argv)
[0.782s]       |          [01;35m[K~~~~^~~~[m[K
[0.782s] [01m[K/home/cjj/Desktop/RM_work/ROS2_learning/rviz2_tasks/src/image_detector/src/main.cpp:4:26:[m[K [01;35m[Kwarning: [m[Kunused parameter ‚Äò[01m[Kargv[m[K‚Äô [[01;35m[K]8;;https://gcc.gnu.org/onlinedocs/gcc/Warning-Options.html#index-Wunused-parameter-Wunused-parameter]8;;[m[K]
[0.782s]     4 | int main(int argc,[01;35m[Kchar** argv[m[K)
[0.782s]       |                   [01;35m[K~~~~~~~^~~~[m[K
[1.017s] gmake[2]: *** [CMakeFiles/objective_track.dir/build.make:104ÔºöCMakeFiles/objective_track.dir/src/objective_track.cpp.o] ÈîôËØØ 1
[1.018s] gmake[2]: *** [CMakeFiles/objective_track.dir/build.make:90ÔºöCMakeFiles/objective_track.dir/src/main.cpp.o] ÈîôËØØ 1
[1.019s] gmake[1]: *** [CMakeFiles/Makefile2:137ÔºöCMakeFiles/objective_track.dir/all] ÈîôËØØ 2
[1.019s] gmake: *** [Makefile:146Ôºöall] ÈîôËØØ 2
[1.021s] Invoked command in '/home/cjj/Desktop/RM_work/ROS2_learning/rviz2_tasks/build/image_detector' returned '2': CMAKE_PREFIX_PATH=/home/cjj/Desktop/RM_work/ROS2_learning/rviz2_tasks/install/rm_interfaces:/home/cjj/Desktop/RM_work/ROS2_learning/rviz2_tasks/install/image_detector:/opt/ros/humble LD_LIBRARY_PATH=/home/cjj/Desktop/RM_work/ROS2_learning/rviz2_tasks/install/rm_interfaces/lib:/opt/ros/humble/opt/rviz_ogre_vendor/lib:/opt/ros/humble/lib/x86_64-linux-gnu:/opt/ros/humble/lib:/opt/MVS/lib/64:/opt/MVS/lib/32:/opt/intel/openvino/runtime/lib/intel64:/usr/local/lib:/opt/MVS/lib/64:/opt/MVS/lib/32:/opt/MVS/lib/64:/opt/MVS/lib/32 /usr/bin/cmake --build /home/cjj/Desktop/RM_work/ROS2_learning/rviz2_tasks/build/image_detector -- -j20 -l20
