[0.007s] Invoking command in '/home/cjj/Desktop/RM_work/ROS2_learning/chapter_3/chapt3_ws/build/my_topic_rclcpp': CMAKE_PREFIX_PATH=${CMAKE_PREFIX_PATH}:/opt/ros/humble /usr/bin/cmake --build /home/cjj/Desktop/RM_work/ROS2_learning/chapter_3/chapt3_ws/build/my_topic_rclcpp -- -j20 -l20
[0.028s] -- Found ament_cmake: 1.3.10 (/opt/ros/humble/share/ament_cmake/cmake)
[0.113s] -- Found rclcpp: 16.0.10 (/opt/ros/humble/share/rclcpp/cmake)
[0.129s] -- Found rosidl_generator_c: 3.1.5 (/opt/ros/humble/share/rosidl_generator_c/cmake)
[0.131s] -- Found rosidl_adapter: 3.1.5 (/opt/ros/humble/share/rosidl_adapter/cmake)
[0.134s] -- Found rosidl_generator_cpp: 3.1.5 (/opt/ros/humble/share/rosidl_generator_cpp/cmake)
[0.139s] -- Using all available rosidl_typesupport_c: rosidl_typesupport_fastrtps_c;rosidl_typesupport_introspection_c
[0.146s] -- Using all available rosidl_typesupport_cpp: rosidl_typesupport_fastrtps_cpp;rosidl_typesupport_introspection_cpp
[0.163s] -- Found rmw_implementation_cmake: 6.1.2 (/opt/ros/humble/share/rmw_implementation_cmake/cmake)
[0.163s] -- Found rmw_fastrtps_cpp: 6.2.7 (/opt/ros/humble/share/rmw_fastrtps_cpp/cmake)
[0.203s] -- Using RMW implementation 'rmw_fastrtps_cpp' as default
[0.231s] -- Found ament_lint_auto: 0.12.11 (/opt/ros/humble/share/ament_lint_auto/cmake)
[0.272s] -- Added test 'cppcheck' to perform static code analysis on C / C++ code
[0.272s] -- Configured cppcheck include dirs: 
[0.272s] -- Configured cppcheck exclude dirs and/or files: 
[0.272s] -- Added test 'lint_cmake' to check CMake code style
[0.273s] -- Added test 'uncrustify' to check C / C++ code style
[0.273s] -- Configured uncrustify additional arguments: 
[0.273s] -- Added test 'xmllint' to check XML markup files
[0.274s] -- Configuring done
[0.278s] -- Generating done
[0.279s] -- Build files have been written to: /home/cjj/Desktop/RM_work/ROS2_learning/chapter_3/chapt3_ws/build/my_topic_rclcpp
[0.302s] [35m[1mConsolidate compiler generated dependencies of target topic_subscribe_01[0m
[0.315s] [ 50%] [32mBuilding CXX object CMakeFiles/topic_subscribe_01.dir/src/topic_subscribe_01.cpp.o[0m
[1.661s] [01m[K/home/cjj/Desktop/RM_work/ROS2_learning/chapter_3/chapt3_ws/src/my_topic_rclcpp/src/topic_subscribe_01.cpp:17:30:[m[K [01;31m[Kerror: [m[Kâ€˜[01m[Kstd_msgs[m[Kâ€™ was not declared in this scope
[1.661s]    17 |         rclcpp::Subscription<[01;31m[Kstd_msgs[m[K::msg::String>::SharedPtr command_subscribe_;
[1.661s]       |                              [01;31m[K^~~~~~~~[m[K
[1.661s] [01m[K/home/cjj/Desktop/RM_work/ROS2_learning/chapter_3/chapt3_ws/src/my_topic_rclcpp/src/topic_subscribe_01.cpp:17:51:[m[K [01;31m[Kerror: [m[Ktemplate argument 1 is invalid
[1.661s]    17 |         rclcpp::Subscription<std_msgs::msg::String[01;31m[K>[m[K::SharedPtr command_subscribe_;
[1.661s]       |                                                   [01;31m[K^[m[K
[1.661s] [01m[K/home/cjj/Desktop/RM_work/ROS2_learning/chapter_3/chapt3_ws/src/my_topic_rclcpp/src/topic_subscribe_01.cpp:17:51:[m[K [01;31m[Kerror: [m[Ktemplate argument 3 is invalid
[1.661s] [01m[K/home/cjj/Desktop/RM_work/ROS2_learning/chapter_3/chapt3_ws/src/my_topic_rclcpp/src/topic_subscribe_01.cpp:17:51:[m[K [01;31m[Kerror: [m[Ktemplate argument 4 is invalid
[1.661s] [01m[K/home/cjj/Desktop/RM_work/ROS2_learning/chapter_3/chapt3_ws/src/my_topic_rclcpp/src/topic_subscribe_01.cpp:17:51:[m[K [01;31m[Kerror: [m[Ktemplate argument 5 is invalid
[1.661s] [01m[K/home/cjj/Desktop/RM_work/ROS2_learning/chapter_3/chapt3_ws/src/my_topic_rclcpp/src/topic_subscribe_01.cpp:17:54:[m[K [01;31m[Kerror: [m[Kexpected â€˜[01m[K;[m[Kâ€™ at end of member declaration
[1.661s]    17 |         rclcpp::Subscription<std_msgs::msg::String>::[01;31m[KSharedPtr[m[K command_subscribe_;
[1.661s]       |                                                      [01;31m[K^~~~~~~~~[m[K
[1.661s]       |                                                               [32m[K;[m[K
[1.662s] [01m[K/home/cjj/Desktop/RM_work/ROS2_learning/chapter_3/chapt3_ws/src/my_topic_rclcpp/src/topic_subscribe_01.cpp:17:64:[m[K [01;31m[Kerror: [m[Kâ€˜[01m[Kcommand_subscribe_[m[Kâ€™ does not name a type
[1.662s]    17 |         rclcpp::Subscription<std_msgs::msg::String>::SharedPtr [01;31m[Kcommand_subscribe_[m[K;
[1.662s]       |                                                                [01;31m[K^~~~~~~~~~~~~~~~~~[m[K
[1.663s] [01m[K/home/cjj/Desktop/RM_work/ROS2_learning/chapter_3/chapt3_ws/src/my_topic_rclcpp/src/topic_subscribe_01.cpp:19:37:[m[K [01;31m[Kerror: [m[Kâ€˜[01m[Kstd_msgs[m[Kâ€™ does not name a type
[1.663s]    19 |         void command_callback(const [01;31m[Kstd_msgs[m[K::msg::String::SharedPtr msg)
[1.663s]       |                                     [01;31m[K^~~~~~~~[m[K
[1.663s] [01m[K/home/cjj/Desktop/RM_work/ROS2_learning/chapter_3/chapt3_ws/src/my_topic_rclcpp/src/topic_subscribe_01.cpp:19:50:[m[K [01;31m[Kerror: [m[Kexpected unqualified-id before â€˜[01m[K::[m[Kâ€™ token
[1.663s]    19 |         void command_callback(const std_msgs::msg[01;31m[K::[m[KString::SharedPtr msg)
[1.663s]       |                                                  [01;31m[K^~[m[K
[1.663s] [01m[K/home/cjj/Desktop/RM_work/ROS2_learning/chapter_3/chapt3_ws/src/my_topic_rclcpp/src/topic_subscribe_01.cpp:19:50:[m[K [01;31m[Kerror: [m[Kexpected â€˜[01m[K)[m[Kâ€™ before â€˜[01m[K::[m[Kâ€™ token
[1.663s]    19 |         void command_callback[34m[K([m[Kconst std_msgs::msg[01;31m[K:[m[K[32m[K:[m[KString::SharedPtr msg)
[1.664s]       |                              [34m[K~[m[K                   [01;31m[K^[m[K[32m[K~[m[K
[1.664s]       |                                                  [32m[K)[m[K
[1.664s] [01m[K/home/cjj/Desktop/RM_work/ROS2_learning/chapter_3/chapt3_ws/src/my_topic_rclcpp/src/topic_subscribe_01.cpp:19:47:[m[K [01;31m[Kerror: [m[Kexpected â€˜[01m[K;[m[Kâ€™ at end of member declaration
[1.664s]    19 |         void command_callback(const std_msgs::[01;31m[Kmsg[m[K::String::SharedPtr msg)
[1.664s]       |                                               [01;31m[K^~~[m[K
[1.664s]       |                                                  [32m[K;[m[K
[1.664s] [01m[K/home/cjj/Desktop/RM_work/ROS2_learning/chapter_3/chapt3_ws/src/my_topic_rclcpp/src/topic_subscribe_01.cpp:19:52:[m[K [01;31m[Kerror: [m[Kâ€˜[01m[KString[m[Kâ€™ in namespace â€˜[01m[K::[m[Kâ€™ does not name a type
[1.664s]    19 |         void command_callback(const std_msgs::msg::[01;31m[KString[m[K::SharedPtr msg)
[1.664s]       |                                                    [01;31m[K^~~~~~[m[K
[1.670s] [01m[K/home/cjj/Desktop/RM_work/ROS2_learning/chapter_3/chapt3_ws/src/my_topic_rclcpp/src/topic_subscribe_01.cpp:[m[K In constructor â€˜[01m[KTopicSubscribe01::TopicSubscribe01(std::string)[m[Kâ€™:
[1.670s] [01m[K/home/cjj/Desktop/RM_work/ROS2_learning/chapter_3/chapt3_ws/src/my_topic_rclcpp/src/topic_subscribe_01.cpp:12:13:[m[K [01;31m[Kerror: [m[Kâ€˜[01m[Kcommand_subscribe_[m[Kâ€™ was not declared in this scope; did you mean â€˜[01m[Kcount_subscribers[m[Kâ€™?
[1.670s]    12 |             [01;31m[Kcommand_subscribe_[m[K = this->create_subscription<std_msgs::msg::String>("command", 10, std::bind(&TopicSubscribe01::command_callback, this, std::placeholders::_1));
[1.670s]       |             [01;31m[K^~~~~~~~~~~~~~~~~~[m[K
[1.670s]       |             [32m[Kcount_subscribers[m[K
[1.673s] [01m[K/home/cjj/Desktop/RM_work/ROS2_learning/chapter_3/chapt3_ws/src/my_topic_rclcpp/src/topic_subscribe_01.cpp:12:60:[m[K [01;31m[Kerror: [m[Kâ€˜[01m[Kstd_msgs[m[Kâ€™ was not declared in this scope
[1.673s]    12 |             command_subscribe_ = this->create_subscription<[01;31m[Kstd_msgs[m[K::msg::String>("command", 10, std::bind(&TopicSubscribe01::command_callback, this, std::placeholders::_1));
[1.673s]       |                                                            [01;31m[K^~~~~~~~[m[K
[1.673s] [01m[K/home/cjj/Desktop/RM_work/ROS2_learning/chapter_3/chapt3_ws/src/my_topic_rclcpp/src/topic_subscribe_01.cpp:12:40:[m[K [01;31m[Kerror: [m[Kparse error in template argument list
[1.673s]    12 |             command_subscribe_ = this->[01;31m[Kcreate_subscription<std_msgs::msg::String>[m[K("command", 10, std::bind(&TopicSubscribe01::command_callback, this, std::placeholders::_1));
[1.673s]       |                                        [01;31m[K^~~~~~~~~~~~~~~~~~~~~~~~~~~~~~~~~~~~~~~~~~[m[K
[1.676s] [01m[K/home/cjj/Desktop/RM_work/ROS2_learning/chapter_3/chapt3_ws/src/my_topic_rclcpp/src/topic_subscribe_01.cpp:12:82:[m[K [01;31m[Kerror: [m[Kno matching function for call to â€˜[01m[KTopicSubscribe01::create_subscription<<expression error> >(const char [8], int, std::_Bind_helper<false, void (TopicSubscribe01::*)(...), TopicSubscribe01*, const std::_Placeholder<1>&>::type)[m[Kâ€™
[1.676s]    12 |             command_subscribe_ = [01;31m[Kthis->create_subscription<std_msgs::msg::String>("command", 10, std::bind(&TopicSubscribe01::command_callback, this, std::placeholders::_1))[m[K;
[1.676s]       |                                  [01;31m[K~~~~~~~~~~~~~~~~~~~~~~~~~~~~~~~~~~~~~~~~~~~~~~~~^~~~~~~~~~~~~~~~~~~~~~~~~~~~~~~~~~~~~~~~~~~~~~~~~~~~~~~~~~~~~~~~~~~~~~~~~~~~~~~~~~~~~~~~~~~~[m[K
[1.678s] In file included from [01m[K/opt/ros/humble/include/rclcpp/rclcpp/executors/single_threaded_executor.hpp:28[m[K,
[1.678s]                  from [01m[K/opt/ros/humble/include/rclcpp/rclcpp/executors.hpp:22[m[K,
[1.678s]                  from [01m[K/opt/ros/humble/include/rclcpp/rclcpp/rclcpp.hpp:155[m[K,
[1.678s]                  from [01m[K/home/cjj/Desktop/RM_work/ROS2_learning/chapter_3/chapt3_ws/src/my_topic_rclcpp/src/topic_subscribe_01.cpp:1[m[K:
[1.678s] [01m[K/opt/ros/humble/include/rclcpp/rclcpp/node.hpp:219:3:[m[K [01;36m[Knote: [m[Kcandidate: â€˜[01m[Ktemplate<class MessageT, class CallbackT, class AllocatorT, class SubscriptionT, class MessageMemoryStrategyT> std::shared_ptr<ROSMessageT> rclcpp::Node::create_subscription(const string&, const rclcpp::QoS&, CallbackT&&, const rclcpp::SubscriptionOptionsWithAllocator<AllocatorT>&, typename MessageMemoryStrategyT::SharedPtr)[m[Kâ€™
[1.678s]   219 |   [01;36m[Kcreate_subscription[m[K(
[1.678s]       |   [01;36m[K^~~~~~~~~~~~~~~~~~~[m[K
[1.678s] [01m[K/opt/ros/humble/include/rclcpp/rclcpp/node.hpp:219:3:[m[K [01;36m[Knote: [m[K  template argument deduction/substitution failed:
[1.678s] [01m[K/home/cjj/Desktop/RM_work/ROS2_learning/chapter_3/chapt3_ws/src/my_topic_rclcpp/src/topic_subscribe_01.cpp:12:82:[m[K [01;31m[Kerror: [m[Ktemplate argument 1 is invalid
[1.678s]    12 |             command_subscribe_ = [01;31m[Kthis->create_subscription<std_msgs::msg::String>("command", 10, std::bind(&TopicSubscribe01::command_callback, this, std::placeholders::_1))[m[K;
[1.678s]       |                                  [01;31m[K~~~~~~~~~~~~~~~~~~~~~~~~~~~~~~~~~~~~~~~~~~~~~~~~^~~~~~~~~~~~~~~~~~~~~~~~~~~~~~~~~~~~~~~~~~~~~~~~~~~~~~~~~~~~~~~~~~~~~~~~~~~~~~~~~~~~~~~~~~~~[m[K
[1.948s] gmake[2]: *** [CMakeFiles/topic_subscribe_01.dir/build.make:76ï¼šCMakeFiles/topic_subscribe_01.dir/src/topic_subscribe_01.cpp.o] é”™è¯¯ 1
[1.948s] gmake[1]: *** [CMakeFiles/Makefile2:137ï¼šCMakeFiles/topic_subscribe_01.dir/all] é”™è¯¯ 2
[1.948s] gmake: *** [Makefile:146ï¼šall] é”™è¯¯ 2
[1.951s] Invoked command in '/home/cjj/Desktop/RM_work/ROS2_learning/chapter_3/chapt3_ws/build/my_topic_rclcpp' returned '2': CMAKE_PREFIX_PATH=${CMAKE_PREFIX_PATH}:/opt/ros/humble /usr/bin/cmake --build /home/cjj/Desktop/RM_work/ROS2_learning/chapter_3/chapt3_ws/build/my_topic_rclcpp -- -j20 -l20
