[0.007s] Invoking command in '/home/cjj/Desktop/RM_work/ROS2_learning/rviz2_tasks/build/show_points': CMAKE_PREFIX_PATH=${CMAKE_PREFIX_PATH}:/opt/ros/humble /usr/bin/cmake --build /home/cjj/Desktop/RM_work/ROS2_learning/rviz2_tasks/build/show_points -- -j20 -l20
[0.043s] [35m[1mConsolidate compiler generated dependencies of target show_points[0m
[0.062s] [ 50%] [32mBuilding CXX object CMakeFiles/show_points.dir/src/show_points_node.cpp.o[0m
[1.534s] [01m[K/home/cjj/Desktop/RM_work/ROS2_learning/rviz2_tasks/src/show_points/src/show_points_node.cpp:[m[K In constructor â€˜[01m[KShowPoints::ShowPoints(std::string)[m[Kâ€™:
[1.534s] [01m[K/home/cjj/Desktop/RM_work/ROS2_learning/rviz2_tasks/src/show_points/src/show_points_node.cpp:8:49:[m[K [01;31m[Kerror: [m[Kno matching function for call to â€˜[01m[Krclcpp::Publisher<visualization_msgs::msg::MarkerArray_<std::allocator<void> > >::Publisher()[m[Kâ€™
[1.534s]     8 |         ShowPoints(std::string name) : Node(name[01;31m[K)[m[K
[1.534s]       |                                                 [01;31m[K^[m[K
[1.534s] In file included from [01m[K/opt/ros/humble/include/rclcpp/rclcpp/topic_statistics/subscription_topic_statistics.hpp:31[m[K,
[1.534s]                  from [01m[K/opt/ros/humble/include/rclcpp/rclcpp/subscription.hpp:50[m[K,
[1.534s]                  from [01m[K/opt/ros/humble/include/rclcpp/rclcpp/any_executable.hpp:25[m[K,
[1.534s]                  from [01m[K/opt/ros/humble/include/rclcpp/rclcpp/memory_strategy.hpp:25[m[K,
[1.534s]                  from [01m[K/opt/ros/humble/include/rclcpp/rclcpp/memory_strategies.hpp:18[m[K,
[1.534s]                  from [01m[K/opt/ros/humble/include/rclcpp/rclcpp/executor_options.hpp:20[m[K,
[1.534s]                  from [01m[K/opt/ros/humble/include/rclcpp/rclcpp/executor.hpp:37[m[K,
[1.534s]                  from [01m[K/opt/ros/humble/include/rclcpp/rclcpp/executors/multi_threaded_executor.hpp:25[m[K,
[1.534s]                  from [01m[K/opt/ros/humble/include/rclcpp/rclcpp/executors.hpp:21[m[K,
[1.534s]                  from [01m[K/opt/ros/humble/include/rclcpp/rclcpp/rclcpp.hpp:155[m[K,
[1.534s]                  from [01m[K/home/cjj/Desktop/RM_work/ROS2_learning/rviz2_tasks/src/show_points/src/show_points_node.cpp:1[m[K:
[1.534s] [01m[K/opt/ros/humble/include/rclcpp/rclcpp/publisher.hpp:125:3:[m[K [01;36m[Knote: [m[Kcandidate: â€˜[01m[Krclcpp::Publisher<MessageT, AllocatorT>::Publisher(rclcpp::node_interfaces::NodeBaseInterface*, const string&, const rclcpp::QoS&, const rclcpp::PublisherOptionsWithAllocator<AllocatorT>&) [with MessageT = visualization_msgs::msg::MarkerArray_<std::allocator<void> >; AllocatorT = std::allocator<void>; std::string = std::__cxx11::basic_string<char>][m[Kâ€™
[1.534s]   125 |   [01;36m[KPublisher[m[K(
[1.534s]       |   [01;36m[K^~~~~~~~~[m[K
[1.534s] [01m[K/opt/ros/humble/include/rclcpp/rclcpp/publisher.hpp:125:3:[m[K [01;36m[Knote: [m[K  candidate expects 4 arguments, 0 provided
[1.534s] [01m[K/opt/ros/humble/include/rclcpp/rclcpp/publisher.hpp:77:7:[m[K [01;36m[Knote: [m[Kcandidate: â€˜[01m[Krclcpp::Publisher<visualization_msgs::msg::MarkerArray_<std::allocator<void> > >::Publisher(const rclcpp::Publisher<visualization_msgs::msg::MarkerArray_<std::allocator<void> > >&)[m[Kâ€™
[1.534s]    77 | class [01;36m[KPublisher[m[K : public PublisherBase
[1.534s]       |       [01;36m[K^~~~~~~~~[m[K
[1.534s] [01m[K/opt/ros/humble/include/rclcpp/rclcpp/publisher.hpp:77:7:[m[K [01;36m[Knote: [m[K  candidate expects 1 argument, 0 provided
[1.534s] [01m[K/home/cjj/Desktop/RM_work/ROS2_learning/rviz2_tasks/src/show_points/src/show_points_node.cpp:17:89:[m[K [01;31m[Kerror: [m[Kâ€˜[01m[KTopicPublisher01[m[Kâ€™ has not been declared
[1.534s]    17 |             timer_ = this->create_wall_timer(std::chrono::milliseconds(500), std::bind(&[01;31m[KTopicPublisher01[m[K::timer_callback, this));
[1.534s]       |                                                                                         [01;31m[K^~~~~~~~~~~~~~~~[m[K
[1.818s] gmake[2]: *** [CMakeFiles/show_points.dir/build.make:76ï¼šCMakeFiles/show_points.dir/src/show_points_node.cpp.o] é”™è¯¯ 1
[1.819s] gmake[1]: *** [CMakeFiles/Makefile2:137ï¼šCMakeFiles/show_points.dir/all] é”™è¯¯ 2
[1.819s] gmake: *** [Makefile:146ï¼šall] é”™è¯¯ 2
[1.821s] Invoked command in '/home/cjj/Desktop/RM_work/ROS2_learning/rviz2_tasks/build/show_points' returned '2': CMAKE_PREFIX_PATH=${CMAKE_PREFIX_PATH}:/opt/ros/humble /usr/bin/cmake --build /home/cjj/Desktop/RM_work/ROS2_learning/rviz2_tasks/build/show_points -- -j20 -l20
