[0.007s] Invoking command in '/home/cjj/Desktop/RM_work/ROS2_learning/rviz2_tasks/build/image_detector': CMAKE_PREFIX_PATH=/home/cjj/Desktop/RM_work/ROS2_learning/rviz2_tasks/install/rm_interfaces:/home/cjj/Desktop/RM_work/ROS2_learning/rviz2_tasks/install/image_detector:/opt/ros/humble LD_LIBRARY_PATH=/home/cjj/Desktop/RM_work/ROS2_learning/rviz2_tasks/install/rm_interfaces/lib:/opt/ros/humble/opt/rviz_ogre_vendor/lib:/opt/ros/humble/lib/x86_64-linux-gnu:/opt/ros/humble/lib:/opt/MVS/lib/64:/opt/MVS/lib/32:/opt/intel/openvino/runtime/lib/intel64:/usr/local/lib:/opt/MVS/lib/64:/opt/MVS/lib/32:/opt/MVS/lib/64:/opt/MVS/lib/32 /usr/bin/cmake --build /home/cjj/Desktop/RM_work/ROS2_learning/rviz2_tasks/build/image_detector -- -j20 -l20
[0.046s] [35m[1mConsolidate compiler generated dependencies of target objective_track[0m
[0.058s] [ 25%] [32mBuilding CXX object CMakeFiles/objective_track.dir/src/objective_track.cpp.o[0m
[0.058s] [ 75%] [32mBuilding CXX object CMakeFiles/objective_track.dir/src/main.cpp.o[0m
[0.059s] [ 75%] [32mBuilding CXX object CMakeFiles/objective_track.dir/src/image_detector_node.cpp.o[0m
[0.065s] In file included from [01m[K/home/cjj/Desktop/RM_work/ROS2_learning/rviz2_tasks/src/image_detector/src/image_detector_node.cpp:1[m[K:
[0.065s] [01m[K/home/cjj/Desktop/RM_work/ROS2_learning/rviz2_tasks/src/image_detector/include/image_detector/image_detector.hpp:1:10:[m[K [01;31m[Kfatal error: [m[Krclcpp/rclcpp.hpp: Ê≤°ÊúâÈÇ£‰∏™Êñá‰ª∂ÊàñÁõÆÂΩï
[0.065s]     1 | #include [01;31m[K<rclcpp/rclcpp.hpp>[m[K
[0.065s]       |          [01;31m[K^~~~~~~~~~~~~~~~~~~[m[K
[0.065s] compilation terminated.
[0.066s] gmake[2]: *** [CMakeFiles/objective_track.dir/build.make:76ÔºöCMakeFiles/objective_track.dir/src/image_detector_node.cpp.o] ÈîôËØØ 1
[0.066s] gmake[2]: *** Ê≠£Âú®Á≠âÂæÖÊú™ÂÆåÊàêÁöÑ‰ªªÂä°....
[0.797s] [01m[K/home/cjj/Desktop/RM_work/ROS2_learning/rviz2_tasks/src/image_detector/src/objective_track.cpp:4:6:[m[K [01;31m[Kerror: [m[Kdefault argument given for parameter 2 of ‚Äò[01m[Kvoid show(cv::Mat, std::string)[m[K‚Äô [[01;31m[K]8;;https://gcc.gnu.org/onlinedocs/gcc/Warning-Options.html#index-fpermissive-fpermissive]8;;[m[K]
[0.797s]     4 | void [01;31m[Kshow[m[K(cv::Mat img,string name = "Test"){
[0.797s]       |      [01;31m[K^~~~[m[K
[0.797s] In file included from [01m[K/home/cjj/Desktop/RM_work/ROS2_learning/rviz2_tasks/src/image_detector/src/objective_track.cpp:1[m[K:
[0.797s] [01m[K/home/cjj/Desktop/RM_work/ROS2_learning/rviz2_tasks/src/image_detector/include/image_detector/objective_track.hpp:8:6:[m[K [01;36m[Knote: [m[Kprevious specification in ‚Äò[01m[Kvoid show(cv::Mat, std::string)[m[K‚Äô here
[0.797s]     8 | void [01;36m[Kshow[m[K(cv::Mat img,string name = "Test");
[0.798s]       |      [01;36m[K^~~~[m[K
[0.798s] [01m[K/home/cjj/Desktop/RM_work/ROS2_learning/rviz2_tasks/src/image_detector/src/objective_track.cpp:[m[K In function ‚Äò[01m[Kvoid track(cv::Mat&, cv::Mat&)[m[K‚Äô:
[0.798s] [01m[K/home/cjj/Desktop/RM_work/ROS2_learning/rviz2_tasks/src/image_detector/src/objective_track.cpp:24:23:[m[K [01;35m[Kwarning: [m[Kcomparison of integer expressions of different signedness: ‚Äò[01m[Kint[m[K‚Äô and ‚Äò[01m[Kstd::vector<std::vector<cv::Point_<int> > >::size_type[m[K‚Äô {aka ‚Äò[01m[Klong unsigned int[m[K‚Äô} [[01;35m[K]8;;https://gcc.gnu.org/onlinedocs/gcc/Warning-Options.html#index-Wsign-compare-Wsign-compare]8;;[m[K]
[0.798s]    24 |     for (int i = 0; [01;35m[Ki < contours.size()[m[K; i++){
[0.798s]       |                     [01;35m[K~~^~~~~~~~~~~~~~~~~[m[K
[0.802s] [01m[K/home/cjj/Desktop/RM_work/ROS2_learning/rviz2_tasks/src/image_detector/src/main.cpp:[m[K In function ‚Äò[01m[Kint main(int, char**)[m[K‚Äô:
[0.803s] [01m[K/home/cjj/Desktop/RM_work/ROS2_learning/rviz2_tasks/src/image_detector/src/main.cpp:4:14:[m[K [01;35m[Kwarning: [m[Kunused parameter ‚Äò[01m[Kargc[m[K‚Äô [[01;35m[K]8;;https://gcc.gnu.org/onlinedocs/gcc/Warning-Options.html#index-Wunused-parameter-Wunused-parameter]8;;[m[K]
[0.803s]     4 | int main([01;35m[Kint argc[m[K,char** argv)
[0.803s]       |          [01;35m[K~~~~^~~~[m[K
[0.803s] [01m[K/home/cjj/Desktop/RM_work/ROS2_learning/rviz2_tasks/src/image_detector/src/main.cpp:4:26:[m[K [01;35m[Kwarning: [m[Kunused parameter ‚Äò[01m[Kargv[m[K‚Äô [[01;35m[K]8;;https://gcc.gnu.org/onlinedocs/gcc/Warning-Options.html#index-Wunused-parameter-Wunused-parameter]8;;[m[K]
[0.803s]     4 | int main(int argc,[01;35m[Kchar** argv[m[K)
[0.803s]       |                   [01;35m[K~~~~~~~^~~~[m[K
[1.032s] gmake[2]: *** [CMakeFiles/objective_track.dir/build.make:104ÔºöCMakeFiles/objective_track.dir/src/objective_track.cpp.o] ÈîôËØØ 1
[1.044s] gmake[1]: *** [CMakeFiles/Makefile2:137ÔºöCMakeFiles/objective_track.dir/all] ÈîôËØØ 2
[1.044s] gmake: *** [Makefile:146Ôºöall] ÈîôËØØ 2
[1.045s] Invoked command in '/home/cjj/Desktop/RM_work/ROS2_learning/rviz2_tasks/build/image_detector' returned '2': CMAKE_PREFIX_PATH=/home/cjj/Desktop/RM_work/ROS2_learning/rviz2_tasks/install/rm_interfaces:/home/cjj/Desktop/RM_work/ROS2_learning/rviz2_tasks/install/image_detector:/opt/ros/humble LD_LIBRARY_PATH=/home/cjj/Desktop/RM_work/ROS2_learning/rviz2_tasks/install/rm_interfaces/lib:/opt/ros/humble/opt/rviz_ogre_vendor/lib:/opt/ros/humble/lib/x86_64-linux-gnu:/opt/ros/humble/lib:/opt/MVS/lib/64:/opt/MVS/lib/32:/opt/intel/openvino/runtime/lib/intel64:/usr/local/lib:/opt/MVS/lib/64:/opt/MVS/lib/32:/opt/MVS/lib/64:/opt/MVS/lib/32 /usr/bin/cmake --build /home/cjj/Desktop/RM_work/ROS2_learning/rviz2_tasks/build/image_detector -- -j20 -l20
