[0.007s] Invoking command in '/home/cjj/Desktop/RM_work/ROS2_learning/rviz2_tasks/build/image_detector': CMAKE_PREFIX_PATH=/home/cjj/Desktop/RM_work/ROS2_learning/rviz2_tasks/install/rm_interfaces:/home/cjj/Desktop/RM_work/ROS2_learning/rviz2_tasks/install/image_detector:/opt/ros/humble LD_LIBRARY_PATH=/home/cjj/Desktop/RM_work/ROS2_learning/rviz2_tasks/install/rm_interfaces/lib:/opt/ros/humble/opt/rviz_ogre_vendor/lib:/opt/ros/humble/lib/x86_64-linux-gnu:/opt/ros/humble/lib:/opt/MVS/lib/64:/opt/MVS/lib/32:/opt/intel/openvino/runtime/lib/intel64:/usr/local/lib:/opt/MVS/lib/64:/opt/MVS/lib/32:/opt/MVS/lib/64:/opt/MVS/lib/32 /usr/bin/cmake --build /home/cjj/Desktop/RM_work/ROS2_learning/rviz2_tasks/build/image_detector -- -j20 -l20
[0.042s] [35m[1mConsolidate compiler generated dependencies of target image_detector[0m
[0.057s] [ 50%] [32mBuilding CXX object CMakeFiles/image_detector.dir/src/image_detector_node.cpp.o[0m
[1.378s] In file included from [01m[K/opt/ros/humble/include/rclcpp/rclcpp/logging.hpp:24[m[K,
[1.378s]                  from [01m[K/opt/ros/humble/include/rclcpp/rclcpp/client.hpp:40[m[K,
[1.378s]                  from [01m[K/opt/ros/humble/include/rclcpp/rclcpp/callback_group.hpp:24[m[K,
[1.378s]                  from [01m[K/opt/ros/humble/include/rclcpp/rclcpp/any_executable.hpp:20[m[K,
[1.378s]                  from [01m[K/opt/ros/humble/include/rclcpp/rclcpp/memory_strategy.hpp:25[m[K,
[1.378s]                  from [01m[K/opt/ros/humble/include/rclcpp/rclcpp/memory_strategies.hpp:18[m[K,
[1.378s]                  from [01m[K/opt/ros/humble/include/rclcpp/rclcpp/executor_options.hpp:20[m[K,
[1.378s]                  from [01m[K/opt/ros/humble/include/rclcpp/rclcpp/executor.hpp:37[m[K,
[1.378s]                  from [01m[K/opt/ros/humble/include/rclcpp/rclcpp/executors/multi_threaded_executor.hpp:25[m[K,
[1.378s]                  from [01m[K/opt/ros/humble/include/rclcpp/rclcpp/executors.hpp:21[m[K,
[1.378s]                  from [01m[K/opt/ros/humble/include/rclcpp/rclcpp/rclcpp.hpp:155[m[K,
[1.378s]                  from [01m[K/home/cjj/Desktop/RM_work/ROS2_learning/rviz2_tasks/src/image_detector/src/image_detector_node.cpp:1[m[K:
[1.378s] [01m[K/home/cjj/Desktop/RM_work/ROS2_learning/rviz2_tasks/src/image_detector/src/image_detector_node.cpp:[m[K In constructor ‚Äò[01m[KImageDetectNode::ImageDetectNode(std::string)[m[K‚Äô:
[1.378s] [01m[K/home/cjj/Desktop/RM_work/ROS2_learning/rviz2_tasks/src/image_detector/src/image_detector_node.cpp:8:44:[m[K [01;35m[Kwarning: [m[Kformat ‚Äò[01m[K%s[m[K‚Äô expects argument of type ‚Äò[01m[Kchar*[m[K‚Äô, but argument 5 has type ‚Äò[01m[Kstd::string[m[K‚Äô {aka ‚Äò[01m[Kstd::__cxx11::basic_string<char>[m[K‚Äô} [[01;35m[K]8;;https://gcc.gnu.org/onlinedocs/gcc/Warning-Options.html#index-Wformat=-Wformat=]8;;[m[K]
[1.378s]     8 |             RCLCPP_INFO(this->get_logger(),[01;35m[K"ËäÇÁÇπ%sÂ∑≤ÁªèÂª∫Á´ã!"[m[K,name)
[1.378s]       |                                            [01;35m[K^~~~~~~~~~~~~~~~~[m[K
[1.378s] [01m[K/home/cjj/Desktop/RM_work/ROS2_learning/rviz2_tasks/src/image_detector/src/image_detector_node.cpp:8:50:[m[K [01;36m[Knote: [m[Kformat string is defined here
[1.378s]     8 |             RCLCPP_INFO(this->get_logger(),"ËäÇÁÇπ[01;36m[K%s[m[KÂ∑≤ÁªèÂª∫Á´ã!",name)
[1.378s]       |                                                 [01;36m[K~^[m[K
[1.378s]       |                                                  [01;36m[K|[m[K
[1.378s]       |                                                  [01;36m[Kchar*[m[K
[1.378s] [01m[K/home/cjj/Desktop/RM_work/ROS2_learning/rviz2_tasks/src/image_detector/src/image_detector_node.cpp:9:9:[m[K [01;31m[Kerror: [m[Kexpected ‚Äò[01m[K;[m[K‚Äô before ‚Äò[01m[K}[m[K‚Äô token
[1.378s]     9 |         [01;31m[K}[m[K
[1.378s]       |         [01;31m[K^[m[K
[1.379s] [01m[K/home/cjj/Desktop/RM_work/ROS2_learning/rviz2_tasks/src/image_detector/src/image_detector_node.cpp:[m[K In function ‚Äò[01m[Kint main(int, char**)[m[K‚Äô:
[1.379s] [01m[K/home/cjj/Desktop/RM_work/ROS2_learning/rviz2_tasks/src/image_detector/src/image_detector_node.cpp:16:61:[m[K [01;31m[Kerror: [m[Kconversion from ‚Äò[01m[Kstd::shared_ptr<ImageDetectNode>[m[K‚Äô to non-scalar type ‚Äò[01m[KImageDetectNode[m[K‚Äô requested
[1.379s]    16 |     ImageDetectNode node = [01;31m[Kstd::make_shared<ImageDetectNode>("image_detector")[m[K;
[1.379s]       |                            [01;31m[K~~~~~~~~~~~~~~~~~~~~~~~~~~~~~~~~~^~~~~~~~~~~~~~~~~~[m[K
[1.379s] [01m[K/home/cjj/Desktop/RM_work/ROS2_learning/rviz2_tasks/src/image_detector/src/image_detector_node.cpp:17:17:[m[K [01;31m[Kerror: [m[Kno matching function for call to ‚Äò[01m[Kspin(ImageDetectNode&)[m[K‚Äô
[1.379s]    17 |     [01;31m[Krclcpp::spin(node)[m[K;
[1.379s]       |     [01;31m[K~~~~~~~~~~~~^~~~~~[m[K
[1.379s] In file included from [01m[K/opt/ros/humble/include/rclcpp/rclcpp/rclcpp.hpp:155[m[K,
[1.379s]                  from [01m[K/home/cjj/Desktop/RM_work/ROS2_learning/rviz2_tasks/src/image_detector/src/image_detector_node.cpp:1[m[K:
[1.379s] [01m[K/opt/ros/humble/include/rclcpp/rclcpp/executors.hpp:45:1:[m[K [01;36m[Knote: [m[Kcandidate: ‚Äò[01m[Kvoid rclcpp::spin(rclcpp::node_interfaces::NodeBaseInterface::SharedPtr)[m[K‚Äô
[1.379s]    45 | [01;36m[Kspin[m[K(rclcpp::node_interfaces::NodeBaseInterface::SharedPtr node_ptr);
[1.379s]       | [01;36m[K^~~~[m[K
[1.380s] [01m[K/opt/ros/humble/include/rclcpp/rclcpp/executors.hpp:45:60:[m[K [01;36m[Knote: [m[K  no known conversion for argument 1 from ‚Äò[01m[KImageDetectNode[m[K‚Äô to ‚Äò[01m[Krclcpp::node_interfaces::NodeBaseInterface::SharedPtr[m[K‚Äô {aka ‚Äò[01m[Kstd::shared_ptr<rclcpp::node_interfaces::NodeBaseInterface>[m[K‚Äô}
[1.380s]    45 | spin([01;36m[Krclcpp::node_interfaces::NodeBaseInterface::SharedPtr node_ptr[m[K);
[1.380s]       |      [01;36m[K~~~~~~~~~~~~~~~~~~~~~~~~~~~~~~~~~~~~~~~~~~~~~~~~~~~~~~^~~~~~~~[m[K
[1.380s] [01m[K/opt/ros/humble/include/rclcpp/rclcpp/executors.hpp:49:1:[m[K [01;36m[Knote: [m[Kcandidate: ‚Äò[01m[Kvoid rclcpp::spin(rclcpp::Node::SharedPtr)[m[K‚Äô
[1.380s]    49 | [01;36m[Kspin[m[K(rclcpp::Node::SharedPtr node_ptr);
[1.380s]       | [01;36m[K^~~~[m[K
[1.380s] [01m[K/opt/ros/humble/include/rclcpp/rclcpp/executors.hpp:49:30:[m[K [01;36m[Knote: [m[K  no known conversion for argument 1 from ‚Äò[01m[KImageDetectNode[m[K‚Äô to ‚Äò[01m[Krclcpp::Node::SharedPtr[m[K‚Äô {aka ‚Äò[01m[Kstd::shared_ptr<rclcpp::Node>[m[K‚Äô}
[1.380s]    49 | spin([01;36m[Krclcpp::Node::SharedPtr node_ptr[m[K);
[1.380s]       |      [01;36m[K~~~~~~~~~~~~~~~~~~~~~~~~^~~~~~~~[m[K
[1.612s] gmake[2]: *** [CMakeFiles/image_detector.dir/build.make:76ÔºöCMakeFiles/image_detector.dir/src/image_detector_node.cpp.o] ÈîôËØØ 1
[1.612s] gmake[1]: *** [CMakeFiles/Makefile2:137ÔºöCMakeFiles/image_detector.dir/all] ÈîôËØØ 2
[1.612s] gmake: *** [Makefile:146Ôºöall] ÈîôËØØ 2
[1.615s] Invoked command in '/home/cjj/Desktop/RM_work/ROS2_learning/rviz2_tasks/build/image_detector' returned '2': CMAKE_PREFIX_PATH=/home/cjj/Desktop/RM_work/ROS2_learning/rviz2_tasks/install/rm_interfaces:/home/cjj/Desktop/RM_work/ROS2_learning/rviz2_tasks/install/image_detector:/opt/ros/humble LD_LIBRARY_PATH=/home/cjj/Desktop/RM_work/ROS2_learning/rviz2_tasks/install/rm_interfaces/lib:/opt/ros/humble/opt/rviz_ogre_vendor/lib:/opt/ros/humble/lib/x86_64-linux-gnu:/opt/ros/humble/lib:/opt/MVS/lib/64:/opt/MVS/lib/32:/opt/intel/openvino/runtime/lib/intel64:/usr/local/lib:/opt/MVS/lib/64:/opt/MVS/lib/32:/opt/MVS/lib/64:/opt/MVS/lib/32 /usr/bin/cmake --build /home/cjj/Desktop/RM_work/ROS2_learning/rviz2_tasks/build/image_detector -- -j20 -l20
