[01m[K/home/cjj/Desktop/RM_work/ROS2_learning/simple_calculator_task/ws/src/add_task/src/task_sub_cli.cpp:[m[K In constructor â€˜[01m[KNode02::Node02(std::string)[m[Kâ€™:
[01m[K/home/cjj/Desktop/RM_work/ROS2_learning/simple_calculator_task/ws/src/add_task/src/task_sub_cli.cpp:14:40:[m[K [01;31m[Kerror: [m[Kinvalid use of non-static member function â€˜[01m[Kvoid Node02::calculator()[m[Kâ€™
   14 |                 "Simple_calculator",10,[01;31m[Kcalculator[m[K
      |                                        [01;31m[K^~~~~~~~~~[m[K
[01m[K/home/cjj/Desktop/RM_work/ROS2_learning/simple_calculator_task/ws/src/add_task/src/task_sub_cli.cpp:18:14:[m[K [01;36m[Knote: [m[Kdeclared here
   18 |         void [01;36m[Kcalculator[m[K(){
      |              [01;36m[K^~~~~~~~~~[m[K
gmake[2]: *** [CMakeFiles/task_sub_cli.dir/build.make:76ï¼šCMakeFiles/task_sub_cli.dir/src/task_sub_cli.cpp.o] é”™è¯¯ 1
gmake[1]: *** [CMakeFiles/Makefile2:165ï¼šCMakeFiles/task_sub_cli.dir/all] é”™è¯¯ 2
gmake: *** [Makefile:146ï¼šall] é”™è¯¯ 2
