In file included from [01m[K/home/cjj/Desktop/RM_work/ROS2_learning/rviz2_tasks/src/image_detector/src/image_detector_node.cpp:1[m[K:
[01m[K/home/cjj/Desktop/RM_work/ROS2_learning/rviz2_tasks/src/image_detector/include/image_detector/image_detector.hpp:2:10:[m[K [01;31m[Kfatal error: [m[Krm_interfaces/msg/objective.hpp: 没有那个文件或目录
    2 | #include [01;31m[K<rm_interfaces/msg/objective.hpp>[m[K
      |          [01;31m[K^~~~~~~~~~~~~~~~~~~~~~~~~~~~~~~~~[m[K
compilation terminated.
gmake[2]: *** [CMakeFiles/objective_track.dir/build.make:76：CMakeFiles/objective_track.dir/src/image_detector_node.cpp.o] 错误 1
gmake[2]: *** 正在等待未完成的任务....
[01m[K/home/cjj/Desktop/RM_work/ROS2_learning/rviz2_tasks/src/image_detector/src/main.cpp:[m[K In function ‘[01m[Kint main(int, char**)[m[K’:
[01m[K/home/cjj/Desktop/RM_work/ROS2_learning/rviz2_tasks/src/image_detector/src/main.cpp:4:14:[m[K [01;35m[Kwarning: [m[Kunused parameter ‘[01m[Kargc[m[K’ [[01;35m[K]8;;https://gcc.gnu.org/onlinedocs/gcc/Warning-Options.html#index-Wunused-parameter-Wunused-parameter]8;;[m[K]
    4 | int main([01;35m[Kint argc[m[K,char** argv)
      |          [01;35m[K~~~~^~~~[m[K
[01m[K/home/cjj/Desktop/RM_work/ROS2_learning/rviz2_tasks/src/image_detector/src/main.cpp:4:26:[m[K [01;35m[Kwarning: [m[Kunused parameter ‘[01m[Kargv[m[K’ [[01;35m[K]8;;https://gcc.gnu.org/onlinedocs/gcc/Warning-Options.html#index-Wunused-parameter-Wunused-parameter]8;;[m[K]
    4 | int main(int argc,[01;35m[Kchar** argv[m[K)
      |                   [01;35m[K~~~~~~~^~~~[m[K
[01m[K/home/cjj/Desktop/RM_work/ROS2_learning/rviz2_tasks/src/image_detector/src/objective_track.cpp:4:6:[m[K [01;31m[Kerror: [m[Kdefault argument given for parameter 2 of ‘[01m[Kvoid show(cv::Mat, std::string)[m[K’ [[01;31m[K]8;;https://gcc.gnu.org/onlinedocs/gcc/Warning-Options.html#index-fpermissive-fpermissive]8;;[m[K]
    4 | void [01;31m[Kshow[m[K(cv::Mat img,string name = "Test"){
      |      [01;31m[K^~~~[m[K
In file included from [01m[K/home/cjj/Desktop/RM_work/ROS2_learning/rviz2_tasks/src/image_detector/src/objective_track.cpp:1[m[K:
[01m[K/home/cjj/Desktop/RM_work/ROS2_learning/rviz2_tasks/src/image_detector/include/image_detector/objective_track.hpp:8:6:[m[K [01;36m[Knote: [m[Kprevious specification in ‘[01m[Kvoid show(cv::Mat, std::string)[m[K’ here
    8 | void [01;36m[Kshow[m[K(cv::Mat img,string name = "Test");
      |      [01;36m[K^~~~[m[K
[01m[K/home/cjj/Desktop/RM_work/ROS2_learning/rviz2_tasks/src/image_detector/src/objective_track.cpp:[m[K In function ‘[01m[Kvoid track(cv::Mat&, cv::Mat&)[m[K’:
[01m[K/home/cjj/Desktop/RM_work/ROS2_learning/rviz2_tasks/src/image_detector/src/objective_track.cpp:24:23:[m[K [01;35m[Kwarning: [m[Kcomparison of integer expressions of different signedness: ‘[01m[Kint[m[K’ and ‘[01m[Kstd::vector<std::vector<cv::Point_<int> > >::size_type[m[K’ {aka ‘[01m[Klong unsigned int[m[K’} [[01;35m[K]8;;https://gcc.gnu.org/onlinedocs/gcc/Warning-Options.html#index-Wsign-compare-Wsign-compare]8;;[m[K]
   24 |     for (int i = 0; [01;35m[Ki < contours.size()[m[K; i++){
      |                     [01;35m[K~~^~~~~~~~~~~~~~~~~[m[K
gmake[2]: *** [CMakeFiles/objective_track.dir/build.make:104：CMakeFiles/objective_track.dir/src/objective_track.cpp.o] 错误 1
gmake[1]: *** [CMakeFiles/Makefile2:137：CMakeFiles/objective_track.dir/all] 错误 2
gmake: *** [Makefile:146：all] 错误 2
